{"/Users/joshua/my-docs/code/elocuency-v3/apps/elo-obsidian-core-plugin/src/Application/Services/HeaderDataService.ts": {"path":"/Users/joshua/my-docs/code/elocuency-v3/apps/elo-obsidian-core-plugin/src/Application/Services/HeaderDataService.ts","statementMap":{"0":{"start":{"line":4,"column":33},"end":{"line":4,"column":61}},"1":{"start":{"line":7,"column":8},"end":{"line":7,"column":null}},"2":{"start":{"line":11,"column":8},"end":{"line":11,"column":null}},"3":{"start":{"line":15,"column":34},"end":{"line":15,"column":null}},"4":{"start":{"line":15,"column":66},"end":{"line":15,"column":74}},"5":{"start":{"line":16,"column":25},"end":{"line":16,"column":null}},"6":{"start":{"line":18,"column":8},"end":{"line":18,"column":null}},"7":{"start":{"line":18,"column":38},"end":{"line":18,"column":65}}},"fnMap":{"0":{"name":"(anonymous_0)","decl":{"start":{"line":4,"column":4},"end":{"line":4,"column":33}},"loc":{"start":{"line":4,"column":61},"end":{"line":4,"column":null}},"line":4},"1":{"name":"(anonymous_1)","decl":{"start":{"line":6,"column":10},"end":{"line":6,"column":24}},"loc":{"start":{"line":6,"column":63},"end":{"line":8,"column":null}},"line":6},"2":{"name":"(anonymous_2)","decl":{"start":{"line":10,"column":10},"end":{"line":10,"column":28}},"loc":{"start":{"line":10,"column":71},"end":{"line":12,"column":null}},"line":10},"3":{"name":"(anonymous_3)","decl":{"start":{"line":14,"column":4},"end":{"line":14,"column":23}},"loc":{"start":{"line":14,"column":85},"end":{"line":19,"column":null}},"line":14},"4":{"name":"(anonymous_4)","decl":{"start":{"line":15,"column":61},"end":{"line":15,"column":66}},"loc":{"start":{"line":15,"column":66},"end":{"line":15,"column":74}},"line":15},"5":{"name":"(anonymous_5)","decl":{"start":{"line":18,"column":31},"end":{"line":18,"column":38}},"loc":{"start":{"line":18,"column":38},"end":{"line":18,"column":65}},"line":18}},"branchMap":{},"s":{"0":5,"1":1,"2":1,"3":3,"4":4,"5":3,"6":3,"7":4},"f":{"0":5,"1":1,"2":1,"3":3,"4":4,"5":4},"b":{},"meta":{"lastBranch":0,"lastFunction":6,"lastStatement":8,"seen":{"f:4:4:4:33":0,"s:4:33:4:61":0,"f:6:10:6:24":1,"s:7:8:7:Infinity":1,"f:10:10:10:28":2,"s:11:8:11:Infinity":2,"f:14:4:14:23":3,"s:15:34:15:Infinity":3,"f:15:61:15:66":4,"s:15:66:15:74":4,"s:16:25:16:Infinity":5,"s:18:8:18:Infinity":6,"f:18:31:18:38":5,"s:18:38:18:65":7}}}
,"/Users/joshua/my-docs/code/elocuency-v3/apps/elo-obsidian-core-plugin/src/Application/Services/HeaderEvaluationService.ts": {"path":"/Users/joshua/my-docs/code/elocuency-v3/apps/elo-obsidian-core-plugin/src/Application/Services/HeaderEvaluationService.ts","statementMap":{"0":{"start":{"line":7,"column":16},"end":{"line":7,"column":null}},"1":{"start":{"line":8,"column":16},"end":{"line":8,"column":null}},"2":{"start":{"line":12,"column":8},"end":{"line":14,"column":null}},"3":{"start":{"line":13,"column":12},"end":{"line":13,"column":null}},"4":{"start":{"line":16,"column":25},"end":{"line":16,"column":null}},"5":{"start":{"line":17,"column":8},"end":{"line":19,"column":null}},"6":{"start":{"line":18,"column":12},"end":{"line":18,"column":null}},"7":{"start":{"line":21,"column":24},"end":{"line":21,"column":null}},"8":{"start":{"line":22,"column":22},"end":{"line":22,"column":null}},"9":{"start":{"line":23,"column":29},"end":{"line":23,"column":null}},"10":{"start":{"line":25,"column":8},"end":{"line":63,"column":null}},"11":{"start":{"line":25,"column":21},"end":{"line":25,"column":24}},"12":{"start":{"line":26,"column":28},"end":{"line":26,"column":null}},"13":{"start":{"line":27,"column":30},"end":{"line":27,"column":null}},"14":{"start":{"line":28,"column":26},"end":{"line":28,"column":null}},"15":{"start":{"line":29,"column":12},"end":{"line":31,"column":null}},"16":{"start":{"line":30,"column":16},"end":{"line":30,"column":null}},"17":{"start":{"line":33,"column":32},"end":{"line":33,"column":null}},"18":{"start":{"line":34,"column":32},"end":{"line":34,"column":null}},"19":{"start":{"line":36,"column":12},"end":{"line":62,"column":null}},"20":{"start":{"line":38,"column":31},"end":{"line":38,"column":null}},"21":{"start":{"line":40,"column":16},"end":{"line":59,"column":null}},"22":{"start":{"line":42,"column":36},"end":{"line":42,"column":null}},"23":{"start":{"line":43,"column":34},"end":{"line":43,"column":null}},"24":{"start":{"line":45,"column":20},"end":{"line":58,"column":null}},"25":{"start":{"line":46,"column":24},"end":{"line":49,"column":null}},"26":{"start":{"line":50,"column":24},"end":{"line":50,"column":null}},"27":{"start":{"line":61,"column":16},"end":{"line":61,"column":null}},"28":{"start":{"line":65,"column":8},"end":{"line":65,"column":null}}},"fnMap":{"0":{"name":"(anonymous_0)","decl":{"start":{"line":6,"column":4},"end":{"line":6,"column":null}},"loc":{"start":{"line":9,"column":6},"end":{"line":9,"column":null}},"line":9},"1":{"name":"(anonymous_1)","decl":{"start":{"line":11,"column":10},"end":{"line":11,"column":26}},"loc":{"start":{"line":11,"column":106},"end":{"line":66,"column":null}},"line":11}},"branchMap":{"0":{"loc":{"start":{"line":12,"column":8},"end":{"line":14,"column":null}},"type":"if","locations":[{"start":{"line":12,"column":8},"end":{"line":14,"column":null}},{"start":{},"end":{}}],"line":12},"1":{"loc":{"start":{"line":17,"column":8},"end":{"line":19,"column":null}},"type":"if","locations":[{"start":{"line":17,"column":8},"end":{"line":19,"column":null}},{"start":{},"end":{}}],"line":17},"2":{"loc":{"start":{"line":17,"column":12},"end":{"line":17,"column":48}},"type":"binary-expr","locations":[{"start":{"line":17,"column":12},"end":{"line":17,"column":25}},{"start":{"line":17,"column":25},"end":{"line":17,"column":48}}],"line":17},"3":{"loc":{"start":{"line":29,"column":12},"end":{"line":31,"column":null}},"type":"if","locations":[{"start":{"line":29,"column":12},"end":{"line":31,"column":null}},{"start":{},"end":{}}],"line":29},"4":{"loc":{"start":{"line":40,"column":16},"end":{"line":59,"column":null}},"type":"if","locations":[{"start":{"line":40,"column":16},"end":{"line":59,"column":null}},{"start":{},"end":{}}],"line":40},"5":{"loc":{"start":{"line":40,"column":20},"end":{"line":40,"column":110}},"type":"binary-expr","locations":[{"start":{"line":40,"column":20},"end":{"line":40,"column":30}},{"start":{"line":40,"column":30},"end":{"line":40,"column":71}},{"start":{"line":40,"column":71},"end":{"line":40,"column":110}}],"line":40},"6":{"loc":{"start":{"line":43,"column":34},"end":{"line":43,"column":null}},"type":"cond-expr","locations":[{"start":{"line":43,"column":44},"end":{"line":43,"column":57}},{"start":{"line":43,"column":57},"end":{"line":43,"column":null}}],"line":43},"7":{"loc":{"start":{"line":45,"column":20},"end":{"line":58,"column":null}},"type":"if","locations":[{"start":{"line":45,"column":20},"end":{"line":58,"column":null}},{"start":{"line":51,"column":27},"end":{"line":58,"column":null}}],"line":45}},"s":{"0":5,"1":5,"2":5,"3":1,"4":4,"5":4,"6":1,"7":3,"8":3,"9":3,"10":3,"11":3,"12":4,"13":4,"14":4,"15":4,"16":1,"17":4,"18":4,"19":4,"20":4,"21":3,"22":3,"23":3,"24":3,"25":2,"26":2,"27":1,"28":3},"f":{"0":5,"1":5},"b":{"0":[1,4],"1":[1,3],"2":[4,4],"3":[1,3],"4":[3,0],"5":[3,3,3],"6":[2,1],"7":[2,1]},"meta":{"lastBranch":8,"lastFunction":2,"lastStatement":29,"seen":{"f:6:4:6:Infinity":0,"s:7:16:7:Infinity":0,"s:8:16:8:Infinity":1,"f:11:10:11:26":1,"b:12:8:14:Infinity:undefined:undefined:undefined:undefined":0,"s:12:8:14:Infinity":2,"s:13:12:13:Infinity":3,"s:16:25:16:Infinity":4,"b:17:8:19:Infinity:undefined:undefined:undefined:undefined":1,"s:17:8:19:Infinity":5,"b:17:12:17:25:17:25:17:48":2,"s:18:12:18:Infinity":6,"s:21:24:21:Infinity":7,"s:22:22:22:Infinity":8,"s:23:29:23:Infinity":9,"s:25:8:63:Infinity":10,"s:25:21:25:24":11,"s:26:28:26:Infinity":12,"s:27:30:27:Infinity":13,"s:28:26:28:Infinity":14,"b:29:12:31:Infinity:undefined:undefined:undefined:undefined":3,"s:29:12:31:Infinity":15,"s:30:16:30:Infinity":16,"s:33:32:33:Infinity":17,"s:34:32:34:Infinity":18,"s:36:12:62:Infinity":19,"s:38:31:38:Infinity":20,"b:40:16:59:Infinity:undefined:undefined:undefined:undefined":4,"s:40:16:59:Infinity":21,"b:40:20:40:30:40:30:40:71:40:71:40:110":5,"s:42:36:42:Infinity":22,"s:43:34:43:Infinity":23,"b:43:44:43:57:43:57:43:Infinity":6,"b:45:20:58:Infinity:51:27:58:Infinity":7,"s:45:20:58:Infinity":24,"s:46:24:49:Infinity":25,"s:50:24:50:Infinity":26,"s:61:16:61:Infinity":27,"s:65:8:65:Infinity":28}}}
,"/Users/joshua/my-docs/code/elocuency-v3/apps/elo-obsidian-core-plugin/src/Application/Services/ImageEnricherService.ts": {"path":"/Users/joshua/my-docs/code/elocuency-v3/apps/elo-obsidian-core-plugin/src/Application/Services/ImageEnricherService.ts","statementMap":{"0":{"start":{"line":5,"column":33},"end":{"line":5,"column":63}},"1":{"start":{"line":16,"column":8},"end":{"line":16,"column":null}},"2":{"start":{"line":18,"column":8},"end":{"line":33,"column":null}},"3":{"start":{"line":19,"column":27},"end":{"line":19,"column":null}},"4":{"start":{"line":20,"column":33},"end":{"line":20,"column":null}},"5":{"start":{"line":22,"column":12},"end":{"line":25,"column":null}},"6":{"start":{"line":23,"column":16},"end":{"line":23,"column":null}},"7":{"start":{"line":24,"column":16},"end":{"line":24,"column":null}},"8":{"start":{"line":27,"column":12},"end":{"line":27,"column":null}},"9":{"start":{"line":28,"column":12},"end":{"line":28,"column":null}},"10":{"start":{"line":30,"column":12},"end":{"line":30,"column":null}},"11":{"start":{"line":31,"column":12},"end":{"line":31,"column":null}},"12":{"start":{"line":32,"column":12},"end":{"line":32,"column":null}}},"fnMap":{"0":{"name":"(anonymous_0)","decl":{"start":{"line":5,"column":4},"end":{"line":5,"column":33}},"loc":{"start":{"line":5,"column":63},"end":{"line":5,"column":null}},"line":5},"1":{"name":"(anonymous_1)","decl":{"start":{"line":15,"column":10},"end":{"line":15,"column":23}},"loc":{"start":{"line":15,"column":81},"end":{"line":34,"column":null}},"line":15}},"branchMap":{"0":{"loc":{"start":{"line":15,"column":38},"end":{"line":15,"column":81}},"type":"default-arg","locations":[{"start":{"line":15,"column":59},"end":{"line":15,"column":81}}],"line":15},"1":{"loc":{"start":{"line":22,"column":12},"end":{"line":25,"column":null}},"type":"if","locations":[{"start":{"line":22,"column":12},"end":{"line":25,"column":null}},{"start":{},"end":{}}],"line":22}},"s":{"0":3,"1":3,"2":3,"3":3,"4":2,"5":2,"6":1,"7":1,"8":1,"9":1,"10":1,"11":1,"12":1},"f":{"0":3,"1":3},"b":{"0":[3],"1":[1,1]},"meta":{"lastBranch":2,"lastFunction":2,"lastStatement":13,"seen":{"f:5:4:5:33":0,"s:5:33:5:63":0,"f:15:10:15:23":1,"b:15:59:15:81":0,"s:16:8:16:Infinity":1,"s:18:8:33:Infinity":2,"s:19:27:19:Infinity":3,"s:20:33:20:Infinity":4,"b:22:12:25:Infinity:undefined:undefined:undefined:undefined":1,"s:22:12:25:Infinity":5,"s:23:16:23:Infinity":6,"s:24:16:24:Infinity":7,"s:27:12:27:Infinity":8,"s:28:12:28:Infinity":9,"s:30:12:30:Infinity":10,"s:31:12:31:Infinity":11,"s:32:12:32:Infinity":12}}}
,"/Users/joshua/my-docs/code/elocuency-v3/apps/elo-obsidian-core-plugin/src/Application/Services/PersonasNoteOrganizer.ts": {"path":"/Users/joshua/my-docs/code/elocuency-v3/apps/elo-obsidian-core-plugin/src/Application/Services/PersonasNoteOrganizer.ts","statementMap":{"0":{"start":{"line":6,"column":16},"end":{"line":6,"column":null}},"1":{"start":{"line":7,"column":16},"end":{"line":7,"column":null}},"2":{"start":{"line":13,"column":26},"end":{"line":13,"column":null}},"3":{"start":{"line":17,"column":30},"end":{"line":17,"column":null}},"4":{"start":{"line":17,"column":55},"end":{"line":17,"column":85}},"5":{"start":{"line":19,"column":8},"end":{"line":21,"column":null}},"6":{"start":{"line":20,"column":12},"end":{"line":20,"column":null}},"7":{"start":{"line":23,"column":23},"end":{"line":23,"column":null}},"8":{"start":{"line":24,"column":25},"end":{"line":24,"column":null}},"9":{"start":{"line":27,"column":21},"end":{"line":27,"column":null}},"10":{"start":{"line":28,"column":23},"end":{"line":28,"column":null}},"11":{"start":{"line":29,"column":24},"end":{"line":29,"column":null}},"12":{"start":{"line":30,"column":22},"end":{"line":30,"column":null}},"13":{"start":{"line":32,"column":8},"end":{"line":35,"column":null}},"14":{"start":{"line":34,"column":12},"end":{"line":34,"column":null}},"15":{"start":{"line":40,"column":25},"end":{"line":40,"column":null}},"16":{"start":{"line":42,"column":27},"end":{"line":42,"column":null}},"17":{"start":{"line":43,"column":8},"end":{"line":45,"column":null}},"18":{"start":{"line":44,"column":12},"end":{"line":44,"column":null}},"19":{"start":{"line":46,"column":8},"end":{"line":48,"column":null}},"20":{"start":{"line":47,"column":12},"end":{"line":47,"column":null}},"21":{"start":{"line":51,"column":8},"end":{"line":51,"column":null}},"22":{"start":{"line":53,"column":8},"end":{"line":53,"column":null}},"23":{"start":{"line":55,"column":24},"end":{"line":55,"column":null}},"24":{"start":{"line":57,"column":8},"end":{"line":59,"column":null}},"25":{"start":{"line":58,"column":12},"end":{"line":58,"column":null}},"26":{"start":{"line":61,"column":8},"end":{"line":68,"column":null}},"27":{"start":{"line":62,"column":12},"end":{"line":62,"column":null}},"28":{"start":{"line":63,"column":12},"end":{"line":63,"column":null}},"29":{"start":{"line":64,"column":12},"end":{"line":64,"column":null}},"30":{"start":{"line":66,"column":12},"end":{"line":66,"column":null}},"31":{"start":{"line":67,"column":12},"end":{"line":67,"column":null}},"32":{"start":{"line":72,"column":36},"end":{"line":72,"column":null}},"33":{"start":{"line":74,"column":8},"end":{"line":81,"column":null}},"34":{"start":{"line":75,"column":12},"end":{"line":75,"column":null}},"35":{"start":{"line":76,"column":8},"end":{"line":81,"column":null}},"36":{"start":{"line":77,"column":26},"end":{"line":77,"column":null}},"37":{"start":{"line":78,"column":12},"end":{"line":80,"column":null}},"38":{"start":{"line":79,"column":16},"end":{"line":79,"column":null}},"39":{"start":{"line":83,"column":8},"end":{"line":85,"column":null}},"40":{"start":{"line":84,"column":12},"end":{"line":84,"column":null}},"41":{"start":{"line":87,"column":8},"end":{"line":87,"column":null}}},"fnMap":{"0":{"name":"(anonymous_0)","decl":{"start":{"line":5,"column":4},"end":{"line":5,"column":null}},"loc":{"start":{"line":8,"column":6},"end":{"line":8,"column":null}},"line":8},"1":{"name":"(anonymous_1)","decl":{"start":{"line":10,"column":10},"end":{"line":10,"column":19}},"loc":{"start":{"line":10,"column":88},"end":{"line":69,"column":null}},"line":10},"2":{"name":"(anonymous_2)","decl":{"start":{"line":17,"column":50},"end":{"line":17,"column":55}},"loc":{"start":{"line":17,"column":55},"end":{"line":17,"column":85}},"line":17},"3":{"name":"(anonymous_3)","decl":{"start":{"line":71,"column":12},"end":{"line":71,"column":26}},"loc":{"start":{"line":71,"column":57},"end":{"line":88,"column":null}},"line":71}},"branchMap":{"0":{"loc":{"start":{"line":19,"column":8},"end":{"line":21,"column":null}},"type":"if","locations":[{"start":{"line":19,"column":8},"end":{"line":21,"column":null}},{"start":{},"end":{}}],"line":19},"1":{"loc":{"start":{"line":32,"column":8},"end":{"line":35,"column":null}},"type":"if","locations":[{"start":{"line":32,"column":8},"end":{"line":35,"column":null}},{"start":{},"end":{}}],"line":32},"2":{"loc":{"start":{"line":43,"column":8},"end":{"line":45,"column":null}},"type":"if","locations":[{"start":{"line":43,"column":8},"end":{"line":45,"column":null}},{"start":{},"end":{}}],"line":43},"3":{"loc":{"start":{"line":46,"column":8},"end":{"line":48,"column":null}},"type":"if","locations":[{"start":{"line":46,"column":8},"end":{"line":48,"column":null}},{"start":{},"end":{}}],"line":46},"4":{"loc":{"start":{"line":57,"column":8},"end":{"line":59,"column":null}},"type":"if","locations":[{"start":{"line":57,"column":8},"end":{"line":59,"column":null}},{"start":{},"end":{}}],"line":57},"5":{"loc":{"start":{"line":74,"column":8},"end":{"line":81,"column":null}},"type":"if","locations":[{"start":{"line":74,"column":8},"end":{"line":81,"column":null}},{"start":{"line":76,"column":8},"end":{"line":81,"column":null}}],"line":74},"6":{"loc":{"start":{"line":76,"column":8},"end":{"line":81,"column":null}},"type":"if","locations":[{"start":{"line":76,"column":8},"end":{"line":81,"column":null}},{"start":{},"end":{}}],"line":76},"7":{"loc":{"start":{"line":76,"column":19},"end":{"line":76,"column":61}},"type":"binary-expr","locations":[{"start":{"line":76,"column":19},"end":{"line":76,"column":43}},{"start":{"line":76,"column":43},"end":{"line":76,"column":61}}],"line":76},"8":{"loc":{"start":{"line":78,"column":12},"end":{"line":80,"column":null}},"type":"if","locations":[{"start":{"line":78,"column":12},"end":{"line":80,"column":null}},{"start":{},"end":{}}],"line":78},"9":{"loc":{"start":{"line":83,"column":8},"end":{"line":85,"column":null}},"type":"if","locations":[{"start":{"line":83,"column":8},"end":{"line":85,"column":null}},{"start":{},"end":{}}],"line":83}},"s":{"0":11,"1":11,"2":6,"3":6,"4":7,"5":6,"6":1,"7":5,"8":5,"9":5,"10":5,"11":5,"12":5,"13":5,"14":1,"15":4,"16":4,"17":4,"18":1,"19":4,"20":1,"21":4,"22":4,"23":4,"24":4,"25":1,"26":3,"27":3,"28":3,"29":2,"30":1,"31":1,"32":15,"33":15,"34":6,"35":9,"36":1,"37":1,"38":1,"39":15,"40":7,"41":8},"f":{"0":11,"1":6,"2":7,"3":15},"b":{"0":[1,5],"1":[1,4],"2":[1,3],"3":[1,3],"4":[1,3],"5":[6,9],"6":[1,8],"7":[9,1],"8":[1,0],"9":[7,8]},"meta":{"lastBranch":10,"lastFunction":4,"lastStatement":42,"seen":{"f:5:4:5:Infinity":0,"s:6:16:6:Infinity":0,"s:7:16:7:Infinity":1,"f:10:10:10:19":1,"s:13:26:13:Infinity":2,"s:17:30:17:Infinity":3,"f:17:50:17:55":2,"s:17:55:17:85":4,"b:19:8:21:Infinity:undefined:undefined:undefined:undefined":0,"s:19:8:21:Infinity":5,"s:20:12:20:Infinity":6,"s:23:23:23:Infinity":7,"s:24:25:24:Infinity":8,"s:27:21:27:Infinity":9,"s:28:23:28:Infinity":10,"s:29:24:29:Infinity":11,"s:30:22:30:Infinity":12,"b:32:8:35:Infinity:undefined:undefined:undefined:undefined":1,"s:32:8:35:Infinity":13,"s:34:12:34:Infinity":14,"s:40:25:40:Infinity":15,"s:42:27:42:Infinity":16,"b:43:8:45:Infinity:undefined:undefined:undefined:undefined":2,"s:43:8:45:Infinity":17,"s:44:12:44:Infinity":18,"b:46:8:48:Infinity:undefined:undefined:undefined:undefined":3,"s:46:8:48:Infinity":19,"s:47:12:47:Infinity":20,"s:51:8:51:Infinity":21,"s:53:8:53:Infinity":22,"s:55:24:55:Infinity":23,"b:57:8:59:Infinity:undefined:undefined:undefined:undefined":4,"s:57:8:59:Infinity":24,"s:58:12:58:Infinity":25,"s:61:8:68:Infinity":26,"s:62:12:62:Infinity":27,"s:63:12:63:Infinity":28,"s:64:12:64:Infinity":29,"s:66:12:66:Infinity":30,"s:67:12:67:Infinity":31,"f:71:12:71:26":3,"s:72:36:72:Infinity":32,"b:74:8:81:Infinity:76:8:81:Infinity":5,"s:74:8:81:Infinity":33,"s:75:12:75:Infinity":34,"b:76:8:81:Infinity:undefined:undefined:undefined:undefined":6,"s:76:8:81:Infinity":35,"b:76:19:76:43:76:43:76:61":7,"s:77:26:77:Infinity":36,"b:78:12:80:Infinity:undefined:undefined:undefined:undefined":8,"s:78:12:80:Infinity":37,"s:79:16:79:Infinity":38,"b:83:8:85:Infinity:undefined:undefined:undefined:undefined":9,"s:83:8:85:Infinity":39,"s:84:12:84:Infinity":40,"s:87:8:87:Infinity":41}}}
,"/Users/joshua/my-docs/code/elocuency-v3/apps/elo-obsidian-core-plugin/src/Application/Services/QuizService.ts": {"path":"/Users/joshua/my-docs/code/elocuency-v3/apps/elo-obsidian-core-plugin/src/Application/Services/QuizService.ts","statementMap":{"0":{"start":{"line":15,"column":10},"end":{"line":15,"column":null}},"1":{"start":{"line":16,"column":10},"end":{"line":16,"column":null}},"2":{"start":{"line":17,"column":10},"end":{"line":17,"column":null}},"3":{"start":{"line":18,"column":10},"end":{"line":18,"column":null}},"4":{"start":{"line":9,"column":1},"end":{"line":9,"column":null}},"5":{"start":{"line":10,"column":1},"end":{"line":10,"column":null}},"6":{"start":{"line":11,"column":1},"end":{"line":11,"column":null}},"7":{"start":{"line":12,"column":1},"end":{"line":12,"column":null}},"8":{"start":{"line":22,"column":2},"end":{"line":22,"column":null}},"9":{"start":{"line":22,"column":30},"end":{"line":22,"column":null}},"10":{"start":{"line":24,"column":21},"end":{"line":24,"column":null}},"11":{"start":{"line":25,"column":2},"end":{"line":25,"column":null}},"12":{"start":{"line":25,"column":19},"end":{"line":25,"column":null}},"13":{"start":{"line":27,"column":23},"end":{"line":27,"column":null}},"14":{"start":{"line":28,"column":22},"end":{"line":28,"column":null}},"15":{"start":{"line":29,"column":19},"end":{"line":29,"column":null}},"16":{"start":{"line":30,"column":22},"end":{"line":30,"column":null}},"17":{"start":{"line":32,"column":19},"end":{"line":32,"column":null}},"18":{"start":{"line":33,"column":2},"end":{"line":36,"column":null}},"19":{"start":{"line":34,"column":3},"end":{"line":34,"column":null}},"20":{"start":{"line":35,"column":3},"end":{"line":35,"column":null}},"21":{"start":{"line":38,"column":2},"end":{"line":41,"column":null}},"22":{"start":{"line":43,"column":2},"end":{"line":43,"column":null}},"23":{"start":{"line":47,"column":15},"end":{"line":47,"column":null}},"24":{"start":{"line":48,"column":2},"end":{"line":48,"column":null}},"25":{"start":{"line":48,"column":13},"end":{"line":48,"column":null}},"26":{"start":{"line":50,"column":21},"end":{"line":50,"column":null}},"27":{"start":{"line":51,"column":2},"end":{"line":51,"column":null}},"28":{"start":{"line":51,"column":19},"end":{"line":51,"column":null}},"29":{"start":{"line":53,"column":29},"end":{"line":53,"column":null}},"30":{"start":{"line":54,"column":2},"end":{"line":61,"column":null}},"31":{"start":{"line":55,"column":3},"end":{"line":58,"column":null}},"32":{"start":{"line":60,"column":3},"end":{"line":60,"column":null}},"33":{"start":{"line":63,"column":2},"end":{"line":63,"column":null}},"34":{"start":{"line":67,"column":21},"end":{"line":67,"column":null}},"35":{"start":{"line":68,"column":2},"end":{"line":71,"column":null}},"36":{"start":{"line":69,"column":3},"end":{"line":69,"column":null}},"37":{"start":{"line":70,"column":3},"end":{"line":70,"column":null}},"38":{"start":{"line":73,"column":18},"end":{"line":73,"column":null}},"39":{"start":{"line":74,"column":2},"end":{"line":74,"column":null}},"40":{"start":{"line":74,"column":16},"end":{"line":74,"column":null}},"41":{"start":{"line":76,"column":16},"end":{"line":76,"column":null}},"42":{"start":{"line":78,"column":19},"end":{"line":78,"column":null}},"43":{"start":{"line":80,"column":28},"end":{"line":80,"column":null}},"44":{"start":{"line":81,"column":27},"end":{"line":81,"column":null}},"45":{"start":{"line":82,"column":21},"end":{"line":82,"column":null}},"46":{"start":{"line":83,"column":24},"end":{"line":83,"column":null}},"47":{"start":{"line":85,"column":2},"end":{"line":150,"column":null}},"48":{"start":{"line":85,"column":15},"end":{"line":85,"column":18}},"49":{"start":{"line":86,"column":16},"end":{"line":86,"column":null}},"50":{"start":{"line":87,"column":23},"end":{"line":87,"column":null}},"51":{"start":{"line":88,"column":3},"end":{"line":149,"column":null}},"52":{"start":{"line":89,"column":18},"end":{"line":89,"column":null}},"53":{"start":{"line":90,"column":24},"end":{"line":90,"column":null}},"54":{"start":{"line":91,"column":20},"end":{"line":91,"column":null}},"55":{"start":{"line":92,"column":20},"end":{"line":92,"column":null}},"56":{"start":{"line":97,"column":24},"end":{"line":97,"column":null}},"57":{"start":{"line":99,"column":4},"end":{"line":113,"column":null}},"58":{"start":{"line":100,"column":5},"end":{"line":102,"column":null}},"59":{"start":{"line":101,"column":6},"end":{"line":101,"column":null}},"60":{"start":{"line":104,"column":5},"end":{"line":112,"column":null}},"61":{"start":{"line":105,"column":25},"end":{"line":105,"column":null}},"62":{"start":{"line":106,"column":6},"end":{"line":111,"column":null}},"63":{"start":{"line":110,"column":7},"end":{"line":110,"column":null}},"64":{"start":{"line":115,"column":4},"end":{"line":148,"column":null}},"65":{"start":{"line":122,"column":23},"end":{"line":122,"column":null}},"66":{"start":{"line":123,"column":19},"end":{"line":123,"column":null}},"67":{"start":{"line":125,"column":5},"end":{"line":135,"column":null}},"68":{"start":{"line":125,"column":18},"end":{"line":125,"column":25}},"69":{"start":{"line":126,"column":30},"end":{"line":126,"column":null}},"70":{"start":{"line":127,"column":6},"end":{"line":134,"column":null}},"71":{"start":{"line":128,"column":31},"end":{"line":128,"column":null}},"72":{"start":{"line":129,"column":7},"end":{"line":131,"column":null}},"73":{"start":{"line":130,"column":8},"end":{"line":130,"column":null}},"74":{"start":{"line":132,"column":7},"end":{"line":132,"column":null}},"75":{"start":{"line":133,"column":7},"end":{"line":133,"column":null}},"76":{"start":{"line":137,"column":5},"end":{"line":139,"column":null}},"77":{"start":{"line":138,"column":6},"end":{"line":138,"column":null}},"78":{"start":{"line":141,"column":28},"end":{"line":141,"column":null}},"79":{"start":{"line":142,"column":5},"end":{"line":147,"column":null}},"80":{"start":{"line":152,"column":2},"end":{"line":152,"column":null}},"81":{"start":{"line":153,"column":2},"end":{"line":153,"column":null}},"82":{"start":{"line":155,"column":2},"end":{"line":166,"column":null}},"83":{"start":{"line":157,"column":3},"end":{"line":157,"column":null}},"84":{"start":{"line":159,"column":3},"end":{"line":164,"column":null}},"85":{"start":{"line":165,"column":3},"end":{"line":165,"column":null}},"86":{"start":{"line":170,"column":2},"end":{"line":170,"column":null}},"87":{"start":{"line":171,"column":2},"end":{"line":171,"column":null}},"88":{"start":{"line":175,"column":2},"end":{"line":175,"column":null}},"89":{"start":{"line":179,"column":2},"end":{"line":179,"column":null}},"90":{"start":{"line":183,"column":2},"end":{"line":185,"column":null}},"91":{"start":{"line":184,"column":3},"end":{"line":184,"column":null}}},"fnMap":{"0":{"name":"(anonymous_0)","decl":{"start":{"line":14,"column":1},"end":{"line":14,"column":null}},"loc":{"start":{"line":19,"column":3},"end":{"line":19,"column":null}},"line":19},"1":{"name":"(anonymous_1)","decl":{"start":{"line":21,"column":7},"end":{"line":21,"column":24}},"loc":{"start":{"line":21,"column":79},"end":{"line":44,"column":null}},"line":21},"2":{"name":"(anonymous_2)","decl":{"start":{"line":46,"column":7},"end":{"line":46,"column":56}},"loc":{"start":{"line":46,"column":56},"end":{"line":64,"column":null}},"line":46},"3":{"name":"(anonymous_3)","decl":{"start":{"line":66,"column":7},"end":{"line":66,"column":42}},"loc":{"start":{"line":66,"column":42},"end":{"line":172,"column":null}},"line":66},"4":{"name":"(anonymous_4)","decl":{"start":{"line":174,"column":1},"end":{"line":174,"column":40}},"loc":{"start":{"line":174,"column":40},"end":{"line":176,"column":null}},"line":174},"5":{"name":"(anonymous_5)","decl":{"start":{"line":178,"column":1},"end":{"line":178,"column":20}},"loc":{"start":{"line":178,"column":20},"end":{"line":180,"column":null}},"line":178},"6":{"name":"(anonymous_6)","decl":{"start":{"line":182,"column":1},"end":{"line":182,"column":8}},"loc":{"start":{"line":182,"column":8},"end":{"line":186,"column":null}},"line":182}},"branchMap":{"0":{"loc":{"start":{"line":22,"column":2},"end":{"line":22,"column":null}},"type":"if","locations":[{"start":{"line":22,"column":2},"end":{"line":22,"column":null}},{"start":{},"end":{}}],"line":22},"1":{"loc":{"start":{"line":22,"column":6},"end":{"line":22,"column":30}},"type":"binary-expr","locations":[{"start":{"line":22,"column":6},"end":{"line":22,"column":15}},{"start":{"line":22,"column":15},"end":{"line":22,"column":30}}],"line":22},"2":{"loc":{"start":{"line":25,"column":2},"end":{"line":25,"column":null}},"type":"if","locations":[{"start":{"line":25,"column":2},"end":{"line":25,"column":null}},{"start":{},"end":{}}],"line":25},"3":{"loc":{"start":{"line":29,"column":19},"end":{"line":29,"column":null}},"type":"binary-expr","locations":[{"start":{"line":29,"column":19},"end":{"line":29,"column":41}},{"start":{"line":29,"column":41},"end":{"line":29,"column":null}}],"line":29},"4":{"loc":{"start":{"line":30,"column":22},"end":{"line":30,"column":null}},"type":"binary-expr","locations":[{"start":{"line":30,"column":22},"end":{"line":30,"column":47}},{"start":{"line":30,"column":47},"end":{"line":30,"column":null}}],"line":30},"5":{"loc":{"start":{"line":33,"column":2},"end":{"line":36,"column":null}},"type":"if","locations":[{"start":{"line":33,"column":2},"end":{"line":36,"column":null}},{"start":{},"end":{}}],"line":33},"6":{"loc":{"start":{"line":48,"column":2},"end":{"line":48,"column":null}},"type":"if","locations":[{"start":{"line":48,"column":2},"end":{"line":48,"column":null}},{"start":{},"end":{}}],"line":48},"7":{"loc":{"start":{"line":51,"column":2},"end":{"line":51,"column":null}},"type":"if","locations":[{"start":{"line":51,"column":2},"end":{"line":51,"column":null}},{"start":{},"end":{}}],"line":51},"8":{"loc":{"start":{"line":63,"column":80},"end":{"line":63,"column":148}},"type":"cond-expr","locations":[{"start":{"line":63,"column":103},"end":{"line":63,"column":146}},{"start":{"line":63,"column":146},"end":{"line":63,"column":148}}],"line":63},"9":{"loc":{"start":{"line":68,"column":2},"end":{"line":71,"column":null}},"type":"if","locations":[{"start":{"line":68,"column":2},"end":{"line":71,"column":null}},{"start":{},"end":{}}],"line":68},"10":{"loc":{"start":{"line":68,"column":6},"end":{"line":68,"column":52}},"type":"binary-expr","locations":[{"start":{"line":68,"column":6},"end":{"line":68,"column":21}},{"start":{"line":68,"column":21},"end":{"line":68,"column":52}}],"line":68},"11":{"loc":{"start":{"line":74,"column":2},"end":{"line":74,"column":null}},"type":"if","locations":[{"start":{"line":74,"column":2},"end":{"line":74,"column":null}},{"start":{},"end":{}}],"line":74},"12":{"loc":{"start":{"line":83,"column":24},"end":{"line":83,"column":null}},"type":"binary-expr","locations":[{"start":{"line":83,"column":24},"end":{"line":83,"column":54}},{"start":{"line":83,"column":54},"end":{"line":83,"column":null}}],"line":83},"13":{"loc":{"start":{"line":88,"column":3},"end":{"line":149,"column":null}},"type":"if","locations":[{"start":{"line":88,"column":3},"end":{"line":149,"column":null}},{"start":{},"end":{}}],"line":88},"14":{"loc":{"start":{"line":92,"column":20},"end":{"line":92,"column":null}},"type":"cond-expr","locations":[{"start":{"line":92,"column":30},"end":{"line":92,"column":43}},{"start":{"line":92,"column":43},"end":{"line":92,"column":null}}],"line":92},"15":{"loc":{"start":{"line":99,"column":4},"end":{"line":113,"column":null}},"type":"if","locations":[{"start":{"line":99,"column":4},"end":{"line":113,"column":null}},{"start":{"line":103,"column":11},"end":{"line":113,"column":null}}],"line":99},"16":{"loc":{"start":{"line":100,"column":5},"end":{"line":102,"column":null}},"type":"if","locations":[{"start":{"line":100,"column":5},"end":{"line":102,"column":null}},{"start":{},"end":{}}],"line":100},"17":{"loc":{"start":{"line":100,"column":9},"end":{"line":100,"column":37}},"type":"binary-expr","locations":[{"start":{"line":100,"column":9},"end":{"line":100,"column":24}},{"start":{"line":100,"column":24},"end":{"line":100,"column":37}}],"line":100},"18":{"loc":{"start":{"line":104,"column":5},"end":{"line":112,"column":null}},"type":"if","locations":[{"start":{"line":104,"column":5},"end":{"line":112,"column":null}},{"start":{},"end":{}}],"line":104},"19":{"loc":{"start":{"line":104,"column":9},"end":{"line":104,"column":39}},"type":"binary-expr","locations":[{"start":{"line":104,"column":9},"end":{"line":104,"column":20}},{"start":{"line":104,"column":20},"end":{"line":104,"column":39}}],"line":104},"20":{"loc":{"start":{"line":106,"column":6},"end":{"line":111,"column":null}},"type":"if","locations":[{"start":{"line":106,"column":6},"end":{"line":111,"column":null}},{"start":{},"end":{}}],"line":106},"21":{"loc":{"start":{"line":107,"column":7},"end":{"line":108,"column":null}},"type":"binary-expr","locations":[{"start":{"line":107,"column":7},"end":{"line":107,"column":null}},{"start":{"line":107,"column":29},"end":{"line":108,"column":null}}],"line":107},"22":{"loc":{"start":{"line":115,"column":4},"end":{"line":148,"column":null}},"type":"if","locations":[{"start":{"line":115,"column":4},"end":{"line":148,"column":null}},{"start":{},"end":{}}],"line":115},"23":{"loc":{"start":{"line":127,"column":6},"end":{"line":134,"column":null}},"type":"if","locations":[{"start":{"line":127,"column":6},"end":{"line":134,"column":null}},{"start":{},"end":{}}],"line":127},"24":{"loc":{"start":{"line":129,"column":7},"end":{"line":131,"column":null}},"type":"if","locations":[{"start":{"line":129,"column":7},"end":{"line":131,"column":null}},{"start":{},"end":{}}],"line":129},"25":{"loc":{"start":{"line":137,"column":5},"end":{"line":139,"column":null}},"type":"if","locations":[{"start":{"line":137,"column":5},"end":{"line":139,"column":null}},{"start":{},"end":{}}],"line":137},"26":{"loc":{"start":{"line":137,"column":9},"end":{"line":137,"column":57}},"type":"binary-expr","locations":[{"start":{"line":137,"column":9},"end":{"line":137,"column":44}},{"start":{"line":137,"column":44},"end":{"line":137,"column":57}}],"line":137},"27":{"loc":{"start":{"line":144,"column":15},"end":{"line":144,"column":null}},"type":"cond-expr","locations":[{"start":{"line":144,"column":25},"end":{"line":144,"column":35}},{"start":{"line":144,"column":35},"end":{"line":144,"column":null}}],"line":144},"28":{"loc":{"start":{"line":153,"column":22},"end":{"line":153,"column":null}},"type":"cond-expr","locations":[{"start":{"line":153,"column":46},"end":{"line":153,"column":50}},{"start":{"line":153,"column":50},"end":{"line":153,"column":null}}],"line":153},"29":{"loc":{"start":{"line":155,"column":2},"end":{"line":166,"column":null}},"type":"if","locations":[{"start":{"line":155,"column":2},"end":{"line":166,"column":null}},{"start":{},"end":{}}],"line":155},"30":{"loc":{"start":{"line":183,"column":2},"end":{"line":185,"column":null}},"type":"if","locations":[{"start":{"line":183,"column":2},"end":{"line":185,"column":null}},{"start":{},"end":{}}],"line":183}},"s":{"0":11,"1":11,"2":11,"3":11,"4":11,"5":11,"6":11,"7":11,"8":4,"9":2,"10":2,"11":2,"12":0,"13":2,"14":2,"15":2,"16":4,"17":4,"18":4,"19":2,"20":2,"21":2,"22":2,"23":2,"24":2,"25":1,"26":1,"27":1,"28":0,"29":1,"30":1,"31":1,"32":1,"33":1,"34":6,"35":6,"36":2,"37":2,"38":4,"39":4,"40":0,"41":4,"42":4,"43":4,"44":4,"45":4,"46":4,"47":6,"48":6,"49":12,"50":12,"51":12,"52":8,"53":8,"54":8,"55":8,"56":8,"57":8,"58":6,"59":4,"60":2,"61":2,"62":2,"63":1,"64":8,"65":5,"66":5,"67":5,"68":5,"69":6,"70":6,"71":4,"72":4,"73":3,"74":4,"75":4,"76":5,"77":1,"78":4,"79":4,"80":4,"81":4,"82":6,"83":1,"84":1,"85":1,"86":4,"87":4,"88":2,"89":5,"90":3,"91":2},"f":{"0":11,"1":4,"2":2,"3":6,"4":2,"5":5,"6":3},"b":{"0":[2,2],"1":[4,3],"2":[0,2],"3":[2,0],"4":[4,0],"5":[2,2],"6":[1,1],"7":[0,1],"8":[0,1],"9":[2,4],"10":[6,5],"11":[0,4],"12":[4,3],"13":[8,4],"14":[2,6],"15":[6,2],"16":[4,2],"17":[6,3],"18":[2,0],"19":[2,2],"20":[1,1],"21":[2,2],"22":[5,3],"23":[4,2],"24":[3,1],"25":[1,4],"26":[5,3],"27":[1,3],"28":[3,1],"29":[1,5],"30":[2,1]},"meta":{"lastBranch":31,"lastFunction":7,"lastStatement":92,"seen":{"f:14:1:14:Infinity":0,"s:15:10:15:Infinity":0,"s:16:10:16:Infinity":1,"s:17:10:17:Infinity":2,"s:18:10:18:Infinity":3,"s:9:1:9:Infinity":4,"s:10:1:10:Infinity":5,"s:11:1:11:Infinity":6,"s:12:1:12:Infinity":7,"f:21:7:21:24":1,"b:22:2:22:Infinity:undefined:undefined:undefined:undefined":0,"s:22:2:22:Infinity":8,"b:22:6:22:15:22:15:22:30":1,"s:22:30:22:Infinity":9,"s:24:21:24:Infinity":10,"b:25:2:25:Infinity:undefined:undefined:undefined:undefined":2,"s:25:2:25:Infinity":11,"s:25:19:25:Infinity":12,"s:27:23:27:Infinity":13,"s:28:22:28:Infinity":14,"s:29:19:29:Infinity":15,"b:29:19:29:41:29:41:29:Infinity":3,"s:30:22:30:Infinity":16,"b:30:22:30:47:30:47:30:Infinity":4,"s:32:19:32:Infinity":17,"b:33:2:36:Infinity:undefined:undefined:undefined:undefined":5,"s:33:2:36:Infinity":18,"s:34:3:34:Infinity":19,"s:35:3:35:Infinity":20,"s:38:2:41:Infinity":21,"s:43:2:43:Infinity":22,"f:46:7:46:56":2,"s:47:15:47:Infinity":23,"b:48:2:48:Infinity:undefined:undefined:undefined:undefined":6,"s:48:2:48:Infinity":24,"s:48:13:48:Infinity":25,"s:50:21:50:Infinity":26,"b:51:2:51:Infinity:undefined:undefined:undefined:undefined":7,"s:51:2:51:Infinity":27,"s:51:19:51:Infinity":28,"s:53:29:53:Infinity":29,"s:54:2:61:Infinity":30,"s:55:3:58:Infinity":31,"s:60:3:60:Infinity":32,"s:63:2:63:Infinity":33,"b:63:103:63:146:63:146:63:148":8,"f:66:7:66:42":3,"s:67:21:67:Infinity":34,"b:68:2:71:Infinity:undefined:undefined:undefined:undefined":9,"s:68:2:71:Infinity":35,"b:68:6:68:21:68:21:68:52":10,"s:69:3:69:Infinity":36,"s:70:3:70:Infinity":37,"s:73:18:73:Infinity":38,"b:74:2:74:Infinity:undefined:undefined:undefined:undefined":11,"s:74:2:74:Infinity":39,"s:74:16:74:Infinity":40,"s:76:16:76:Infinity":41,"s:78:19:78:Infinity":42,"s:80:28:80:Infinity":43,"s:81:27:81:Infinity":44,"s:82:21:82:Infinity":45,"s:83:24:83:Infinity":46,"b:83:24:83:54:83:54:83:Infinity":12,"s:85:2:150:Infinity":47,"s:85:15:85:18":48,"s:86:16:86:Infinity":49,"s:87:23:87:Infinity":50,"b:88:3:149:Infinity:undefined:undefined:undefined:undefined":13,"s:88:3:149:Infinity":51,"s:89:18:89:Infinity":52,"s:90:24:90:Infinity":53,"s:91:20:91:Infinity":54,"s:92:20:92:Infinity":55,"b:92:30:92:43:92:43:92:Infinity":14,"s:97:24:97:Infinity":56,"b:99:4:113:Infinity:103:11:113:Infinity":15,"s:99:4:113:Infinity":57,"b:100:5:102:Infinity:undefined:undefined:undefined:undefined":16,"s:100:5:102:Infinity":58,"b:100:9:100:24:100:24:100:37":17,"s:101:6:101:Infinity":59,"b:104:5:112:Infinity:undefined:undefined:undefined:undefined":18,"s:104:5:112:Infinity":60,"b:104:9:104:20:104:20:104:39":19,"s:105:25:105:Infinity":61,"b:106:6:111:Infinity:undefined:undefined:undefined:undefined":20,"s:106:6:111:Infinity":62,"b:107:7:107:Infinity:107:29:108:Infinity":21,"s:110:7:110:Infinity":63,"b:115:4:148:Infinity:undefined:undefined:undefined:undefined":22,"s:115:4:148:Infinity":64,"s:122:23:122:Infinity":65,"s:123:19:123:Infinity":66,"s:125:5:135:Infinity":67,"s:125:18:125:25":68,"s:126:30:126:Infinity":69,"b:127:6:134:Infinity:undefined:undefined:undefined:undefined":23,"s:127:6:134:Infinity":70,"s:128:31:128:Infinity":71,"b:129:7:131:Infinity:undefined:undefined:undefined:undefined":24,"s:129:7:131:Infinity":72,"s:130:8:130:Infinity":73,"s:132:7:132:Infinity":74,"s:133:7:133:Infinity":75,"b:137:5:139:Infinity:undefined:undefined:undefined:undefined":25,"s:137:5:139:Infinity":76,"b:137:9:137:44:137:44:137:57":26,"s:138:6:138:Infinity":77,"s:141:28:141:Infinity":78,"s:142:5:147:Infinity":79,"b:144:25:144:35:144:35:144:Infinity":27,"s:152:2:152:Infinity":80,"s:153:2:153:Infinity":81,"b:153:46:153:50:153:50:153:Infinity":28,"b:155:2:166:Infinity:undefined:undefined:undefined:undefined":29,"s:155:2:166:Infinity":82,"s:157:3:157:Infinity":83,"s:159:3:164:Infinity":84,"s:165:3:165:Infinity":85,"s:170:2:170:Infinity":86,"s:171:2:171:Infinity":87,"f:174:1:174:40":4,"s:175:2:175:Infinity":88,"f:178:1:178:20":5,"s:179:2:179:Infinity":89,"f:182:1:182:8":6,"b:183:2:185:Infinity:undefined:undefined:undefined:undefined":30,"s:183:2:185:Infinity":90,"s:184:3:184:Infinity":91}}}
,"/Users/joshua/my-docs/code/elocuency-v3/apps/elo-obsidian-core-plugin/src/Application/Services/RolesService.ts": {"path":"/Users/joshua/my-docs/code/elocuency-v3/apps/elo-obsidian-core-plugin/src/Application/Services/RolesService.ts","statementMap":{"0":{"start":{"line":7,"column":24},"end":{"line":7,"column":56}},"1":{"start":{"line":10,"column":8},"end":{"line":10,"column":null}}},"fnMap":{"0":{"name":"(anonymous_0)","decl":{"start":{"line":7,"column":4},"end":{"line":7,"column":24}},"loc":{"start":{"line":7,"column":56},"end":{"line":7,"column":null}},"line":7},"1":{"name":"(anonymous_1)","decl":{"start":{"line":9,"column":10},"end":{"line":9,"column":39}},"loc":{"start":{"line":9,"column":39},"end":{"line":11,"column":null}},"line":9}},"branchMap":{},"s":{"0":1,"1":1},"f":{"0":1,"1":1},"b":{},"meta":{"lastBranch":0,"lastFunction":2,"lastStatement":2,"seen":{"f:7:4:7:24":0,"s:7:24:7:56":0,"f:9:10:9:39":1,"s:10:8:10:Infinity":1}}}
,"/Users/joshua/my-docs/code/elocuency-v3/apps/elo-obsidian-core-plugin/src/Application/UseCases/ApplyTemplateUseCase.ts": {"path":"/Users/joshua/my-docs/code/elocuency-v3/apps/elo-obsidian-core-plugin/src/Application/UseCases/ApplyTemplateUseCase.ts","statementMap":{"0":{"start":{"line":21,"column":19},"end":{"line":21,"column":null}},"1":{"start":{"line":22,"column":19},"end":{"line":22,"column":null}},"2":{"start":{"line":23,"column":19},"end":{"line":23,"column":null}},"3":{"start":{"line":24,"column":19},"end":{"line":24,"column":null}},"4":{"start":{"line":25,"column":19},"end":{"line":25,"column":null}},"5":{"start":{"line":26,"column":19},"end":{"line":26,"column":null}},"6":{"start":{"line":27,"column":19},"end":{"line":27,"column":null}},"7":{"start":{"line":28,"column":19},"end":{"line":28,"column":null}},"8":{"start":{"line":32,"column":2},"end":{"line":32,"column":null}},"9":{"start":{"line":34,"column":15},"end":{"line":34,"column":null}},"10":{"start":{"line":35,"column":2},"end":{"line":38,"column":null}},"11":{"start":{"line":36,"column":3},"end":{"line":36,"column":null}},"12":{"start":{"line":37,"column":3},"end":{"line":37,"column":null}},"13":{"start":{"line":40,"column":18},"end":{"line":40,"column":null}},"14":{"start":{"line":42,"column":2},"end":{"line":45,"column":null}},"15":{"start":{"line":43,"column":3},"end":{"line":43,"column":null}},"16":{"start":{"line":44,"column":3},"end":{"line":44,"column":null}},"17":{"start":{"line":47,"column":44},"end":{"line":47,"column":null}},"18":{"start":{"line":48,"column":2},"end":{"line":55,"column":null}},"19":{"start":{"line":49,"column":3},"end":{"line":49,"column":null}},"20":{"start":{"line":51,"column":3},"end":{"line":54,"column":null}},"21":{"start":{"line":52,"column":24},"end":{"line":52,"column":65}},"22":{"start":{"line":57,"column":2},"end":{"line":60,"column":null}},"23":{"start":{"line":58,"column":3},"end":{"line":58,"column":null}},"24":{"start":{"line":59,"column":3},"end":{"line":59,"column":null}},"25":{"start":{"line":62,"column":2},"end":{"line":62,"column":null}},"26":{"start":{"line":70,"column":23},"end":{"line":70,"column":null}},"27":{"start":{"line":71,"column":17},"end":{"line":71,"column":null}},"28":{"start":{"line":73,"column":2},"end":{"line":73,"column":null}},"29":{"start":{"line":75,"column":22},"end":{"line":75,"column":null}},"30":{"start":{"line":76,"column":2},"end":{"line":76,"column":null}},"31":{"start":{"line":76,"column":20},"end":{"line":76,"column":null}},"32":{"start":{"line":81,"column":8},"end":{"line":81,"column":null}},"33":{"start":{"line":82,"column":8},"end":{"line":82,"column":null}},"34":{"start":{"line":83,"column":6},"end":{"line":83,"column":null}},"35":{"start":{"line":87,"column":25},"end":{"line":87,"column":null}},"36":{"start":{"line":88,"column":25},"end":{"line":88,"column":null}},"37":{"start":{"line":92,"column":3},"end":{"line":94,"column":null}},"38":{"start":{"line":96,"column":2},"end":{"line":204,"column":null}},"39":{"start":{"line":97,"column":20},"end":{"line":97,"column":null}},"40":{"start":{"line":98,"column":3},"end":{"line":106,"column":null}},"41":{"start":{"line":99,"column":4},"end":{"line":105,"column":null}},"42":{"start":{"line":100,"column":5},"end":{"line":100,"column":null}},"43":{"start":{"line":101,"column":5},"end":{"line":101,"column":null}},"44":{"start":{"line":103,"column":5},"end":{"line":103,"column":null}},"45":{"start":{"line":104,"column":5},"end":{"line":104,"column":null}},"46":{"start":{"line":109,"column":20},"end":{"line":109,"column":null}},"47":{"start":{"line":110,"column":17},"end":{"line":110,"column":null}},"48":{"start":{"line":111,"column":18},"end":{"line":117,"column":null}},"49":{"start":{"line":119,"column":22},"end":{"line":119,"column":null}},"50":{"start":{"line":121,"column":3},"end":{"line":203,"column":null}},"51":{"start":{"line":122,"column":4},"end":{"line":125,"column":null}},"52":{"start":{"line":123,"column":5},"end":{"line":123,"column":null}},"53":{"start":{"line":124,"column":5},"end":{"line":124,"column":null}},"54":{"start":{"line":127,"column":8},"end":{"line":130,"column":null}},"55":{"start":{"line":133,"column":4},"end":{"line":151,"column":null}},"56":{"start":{"line":138,"column":22},"end":{"line":138,"column":null}},"57":{"start":{"line":139,"column":19},"end":{"line":139,"column":null}},"58":{"start":{"line":140,"column":5},"end":{"line":150,"column":null}},"59":{"start":{"line":141,"column":21},"end":{"line":141,"column":null}},"60":{"start":{"line":142,"column":6},"end":{"line":147,"column":null}},"61":{"start":{"line":143,"column":7},"end":{"line":146,"column":null}},"62":{"start":{"line":149,"column":6},"end":{"line":149,"column":null}},"63":{"start":{"line":153,"column":4},"end":{"line":155,"column":null}},"64":{"start":{"line":154,"column":5},"end":{"line":154,"column":null}},"65":{"start":{"line":159,"column":5},"end":{"line":161,"column":null}},"66":{"start":{"line":164,"column":29},"end":{"line":164,"column":null}},"67":{"start":{"line":165,"column":22},"end":{"line":165,"column":null}},"68":{"start":{"line":166,"column":25},"end":{"line":166,"column":null}},"69":{"start":{"line":169,"column":4},"end":{"line":174,"column":null}},"70":{"start":{"line":177,"column":4},"end":{"line":185,"column":null}},"71":{"start":{"line":188,"column":4},"end":{"line":193,"column":null}},"72":{"start":{"line":189,"column":24},"end":{"line":191,"column":null}},"73":{"start":{"line":192,"column":5},"end":{"line":192,"column":null}},"74":{"start":{"line":196,"column":4},"end":{"line":202,"column":null}},"75":{"start":{"line":197,"column":5},"end":{"line":197,"column":null}},"76":{"start":{"line":198,"column":5},"end":{"line":200,"column":null}},"77":{"start":{"line":199,"column":6},"end":{"line":199,"column":null}},"78":{"start":{"line":201,"column":5},"end":{"line":201,"column":null}},"79":{"start":{"line":215,"column":26},"end":{"line":215,"column":null}},"80":{"start":{"line":216,"column":2},"end":{"line":216,"column":null}},"81":{"start":{"line":217,"column":26},"end":{"line":217,"column":null}},"82":{"start":{"line":218,"column":2},"end":{"line":218,"column":null}}},"fnMap":{"0":{"name":"(anonymous_0)","decl":{"start":{"line":20,"column":1},"end":{"line":20,"column":null}},"loc":{"start":{"line":29,"column":3},"end":{"line":29,"column":null}},"line":29},"1":{"name":"(anonymous_1)","decl":{"start":{"line":31,"column":7},"end":{"line":31,"column":15}},"loc":{"start":{"line":31,"column":59},"end":{"line":63,"column":null}},"line":31},"2":{"name":"(anonymous_2)","decl":{"start":{"line":52,"column":16},"end":{"line":52,"column":17}},"loc":{"start":{"line":52,"column":24},"end":{"line":52,"column":65}},"line":52},"3":{"name":"(anonymous_3)","decl":{"start":{"line":65,"column":7},"end":{"line":65,"column":null}},"loc":{"start":{"line":69,"column":3},"end":{"line":205,"column":null}},"line":69},"4":{"name":"(anonymous_4)","decl":{"start":{"line":207,"column":9},"end":{"line":207,"column":null}},"loc":{"start":{"line":213,"column":11},"end":{"line":219,"column":null}},"line":213}},"branchMap":{"0":{"loc":{"start":{"line":35,"column":2},"end":{"line":38,"column":null}},"type":"if","locations":[{"start":{"line":35,"column":2},"end":{"line":38,"column":null}},{"start":{},"end":{}}],"line":35},"1":{"loc":{"start":{"line":42,"column":2},"end":{"line":45,"column":null}},"type":"if","locations":[{"start":{"line":42,"column":2},"end":{"line":45,"column":null}},{"start":{},"end":{}}],"line":42},"2":{"loc":{"start":{"line":48,"column":2},"end":{"line":55,"column":null}},"type":"if","locations":[{"start":{"line":48,"column":2},"end":{"line":55,"column":null}},{"start":{"line":50,"column":9},"end":{"line":55,"column":null}}],"line":48},"3":{"loc":{"start":{"line":57,"column":2},"end":{"line":60,"column":null}},"type":"if","locations":[{"start":{"line":57,"column":2},"end":{"line":60,"column":null}},{"start":{},"end":{}}],"line":57},"4":{"loc":{"start":{"line":76,"column":2},"end":{"line":76,"column":null}},"type":"if","locations":[{"start":{"line":76,"column":2},"end":{"line":76,"column":null}},{"start":{},"end":{}}],"line":76},"5":{"loc":{"start":{"line":92,"column":3},"end":{"line":94,"column":null}},"type":"binary-expr","locations":[{"start":{"line":92,"column":3},"end":{"line":92,"column":null}},{"start":{"line":93,"column":4},"end":{"line":93,"column":26}},{"start":{"line":93,"column":26},"end":{"line":93,"column":null}},{"start":{"line":94,"column":3},"end":{"line":94,"column":null}}],"line":92},"6":{"loc":{"start":{"line":96,"column":2},"end":{"line":204,"column":null}},"type":"if","locations":[{"start":{"line":96,"column":2},"end":{"line":204,"column":null}},{"start":{},"end":{}}],"line":96},"7":{"loc":{"start":{"line":98,"column":3},"end":{"line":106,"column":null}},"type":"if","locations":[{"start":{"line":98,"column":3},"end":{"line":106,"column":null}},{"start":{},"end":{}}],"line":98},"8":{"loc":{"start":{"line":109,"column":20},"end":{"line":109,"column":null}},"type":"binary-expr","locations":[{"start":{"line":109,"column":20},"end":{"line":109,"column":57}},{"start":{"line":109,"column":57},"end":{"line":109,"column":null}}],"line":109},"9":{"loc":{"start":{"line":110,"column":17},"end":{"line":110,"column":null}},"type":"cond-expr","locations":[{"start":{"line":110,"column":44},"end":{"line":110,"column":68}},{"start":{"line":110,"column":68},"end":{"line":110,"column":null}}],"line":110},"10":{"loc":{"start":{"line":121,"column":3},"end":{"line":203,"column":null}},"type":"if","locations":[{"start":{"line":121,"column":3},"end":{"line":203,"column":null}},{"start":{},"end":{}}],"line":121},"11":{"loc":{"start":{"line":122,"column":4},"end":{"line":125,"column":null}},"type":"if","locations":[{"start":{"line":122,"column":4},"end":{"line":125,"column":null}},{"start":{},"end":{}}],"line":122},"12":{"loc":{"start":{"line":133,"column":4},"end":{"line":151,"column":null}},"type":"if","locations":[{"start":{"line":133,"column":4},"end":{"line":151,"column":null}},{"start":{},"end":{}}],"line":133},"13":{"loc":{"start":{"line":134,"column":5},"end":{"line":136,"column":null}},"type":"binary-expr","locations":[{"start":{"line":134,"column":5},"end":{"line":134,"column":null}},{"start":{"line":135,"column":5},"end":{"line":135,"column":null}},{"start":{"line":136,"column":6},"end":{"line":136,"column":null}}],"line":134},"14":{"loc":{"start":{"line":138,"column":22},"end":{"line":138,"column":null}},"type":"binary-expr","locations":[{"start":{"line":138,"column":22},"end":{"line":138,"column":59}},{"start":{"line":138,"column":59},"end":{"line":138,"column":null}}],"line":138},"15":{"loc":{"start":{"line":139,"column":19},"end":{"line":139,"column":null}},"type":"cond-expr","locations":[{"start":{"line":139,"column":46},"end":{"line":139,"column":70}},{"start":{"line":139,"column":70},"end":{"line":139,"column":null}}],"line":139},"16":{"loc":{"start":{"line":142,"column":6},"end":{"line":147,"column":null}},"type":"if","locations":[{"start":{"line":142,"column":6},"end":{"line":147,"column":null}},{"start":{},"end":{}}],"line":142},"17":{"loc":{"start":{"line":153,"column":4},"end":{"line":155,"column":null}},"type":"if","locations":[{"start":{"line":153,"column":4},"end":{"line":155,"column":null}},{"start":{},"end":{}}],"line":153},"18":{"loc":{"start":{"line":159,"column":5},"end":{"line":161,"column":null}},"type":"cond-expr","locations":[{"start":{"line":160,"column":8},"end":{"line":160,"column":null}},{"start":{"line":161,"column":8},"end":{"line":161,"column":null}}],"line":159},"19":{"loc":{"start":{"line":159,"column":5},"end":{"line":159,"column":null}},"type":"binary-expr","locations":[{"start":{"line":159,"column":5},"end":{"line":159,"column":38}},{"start":{"line":159,"column":38},"end":{"line":159,"column":null}}],"line":159},"20":{"loc":{"start":{"line":161,"column":8},"end":{"line":161,"column":null}},"type":"binary-expr","locations":[{"start":{"line":161,"column":8},"end":{"line":161,"column":26}},{"start":{"line":161,"column":26},"end":{"line":161,"column":null}}],"line":161},"21":{"loc":{"start":{"line":164,"column":29},"end":{"line":164,"column":null}},"type":"cond-expr","locations":[{"start":{"line":164,"column":29},"end":{"line":164,"column":91}},{"start":{"line":164,"column":91},"end":{"line":164,"column":null}}],"line":164},"22":{"loc":{"start":{"line":172,"column":19},"end":{"line":172,"column":null}},"type":"binary-expr","locations":[{"start":{"line":172,"column":19},"end":{"line":172,"column":47}},{"start":{"line":172,"column":47},"end":{"line":172,"column":null}}],"line":172},"23":{"loc":{"start":{"line":177,"column":4},"end":{"line":185,"column":null}},"type":"if","locations":[{"start":{"line":177,"column":4},"end":{"line":185,"column":null}},{"start":{},"end":{}}],"line":177},"24":{"loc":{"start":{"line":188,"column":4},"end":{"line":193,"column":null}},"type":"if","locations":[{"start":{"line":188,"column":4},"end":{"line":193,"column":null}},{"start":{},"end":{}}],"line":188},"25":{"loc":{"start":{"line":189,"column":24},"end":{"line":191,"column":null}},"type":"cond-expr","locations":[{"start":{"line":190,"column":8},"end":{"line":190,"column":null}},{"start":{"line":191,"column":8},"end":{"line":191,"column":null}}],"line":189},"26":{"loc":{"start":{"line":196,"column":4},"end":{"line":202,"column":null}},"type":"if","locations":[{"start":{"line":196,"column":4},"end":{"line":202,"column":null}},{"start":{},"end":{}}],"line":196},"27":{"loc":{"start":{"line":215,"column":26},"end":{"line":215,"column":null}},"type":"cond-expr","locations":[{"start":{"line":215,"column":47},"end":{"line":215,"column":75}},{"start":{"line":215,"column":75},"end":{"line":215,"column":null}}],"line":215}},"s":{"0":15,"1":15,"2":15,"3":15,"4":15,"5":15,"6":15,"7":15,"8":15,"9":15,"10":15,"11":1,"12":1,"13":14,"14":14,"15":2,"16":2,"17":12,"18":12,"19":10,"20":2,"21":4,"22":12,"23":1,"24":1,"25":11,"26":11,"27":11,"28":11,"29":11,"30":11,"31":0,"32":11,"33":11,"34":11,"35":11,"36":11,"37":11,"38":11,"39":11,"40":11,"41":2,"42":2,"43":2,"44":1,"45":1,"46":11,"47":11,"48":11,"49":11,"50":11,"51":11,"52":7,"53":7,"54":11,"55":11,"56":2,"57":2,"58":2,"59":2,"60":1,"61":1,"62":1,"63":11,"64":7,"65":11,"66":11,"67":11,"68":11,"69":11,"70":11,"71":11,"72":1,"73":1,"74":11,"75":1,"76":1,"77":1,"78":1,"79":11,"80":11,"81":11,"82":11},"f":{"0":15,"1":15,"2":4,"3":11,"4":11},"b":{"0":[1,14],"1":[2,12],"2":[10,2],"3":[1,11],"4":[0,11],"5":[11,10,4,9],"6":[11,0],"7":[2,9],"8":[11,0],"9":[11,0],"10":[11,0],"11":[7,4],"12":[2,9],"13":[11,7,2],"14":[2,0],"15":[2,0],"16":[1,0],"17":[7,4],"18":[11,0],"19":[11,11],"20":[0,0],"21":[7,4],"22":[11,4],"23":[7,4],"24":[1,10],"25":[1,0],"26":[1,10],"27":[4,7]},"meta":{"lastBranch":28,"lastFunction":5,"lastStatement":83,"seen":{"f:20:1:20:Infinity":0,"s:21:19:21:Infinity":0,"s:22:19:22:Infinity":1,"s:23:19:23:Infinity":2,"s:24:19:24:Infinity":3,"s:25:19:25:Infinity":4,"s:26:19:26:Infinity":5,"s:27:19:27:Infinity":6,"s:28:19:28:Infinity":7,"f:31:7:31:15":1,"s:32:2:32:Infinity":8,"s:34:15:34:Infinity":9,"b:35:2:38:Infinity:undefined:undefined:undefined:undefined":0,"s:35:2:38:Infinity":10,"s:36:3:36:Infinity":11,"s:37:3:37:Infinity":12,"s:40:18:40:Infinity":13,"b:42:2:45:Infinity:undefined:undefined:undefined:undefined":1,"s:42:2:45:Infinity":14,"s:43:3:43:Infinity":15,"s:44:3:44:Infinity":16,"s:47:44:47:Infinity":17,"b:48:2:55:Infinity:50:9:55:Infinity":2,"s:48:2:55:Infinity":18,"s:49:3:49:Infinity":19,"s:51:3:54:Infinity":20,"f:52:16:52:17":2,"s:52:24:52:65":21,"b:57:2:60:Infinity:undefined:undefined:undefined:undefined":3,"s:57:2:60:Infinity":22,"s:58:3:58:Infinity":23,"s:59:3:59:Infinity":24,"s:62:2:62:Infinity":25,"f:65:7:65:Infinity":3,"s:70:23:70:Infinity":26,"s:71:17:71:Infinity":27,"s:73:2:73:Infinity":28,"s:75:22:75:Infinity":29,"b:76:2:76:Infinity:undefined:undefined:undefined:undefined":4,"s:76:2:76:Infinity":30,"s:76:20:76:Infinity":31,"s:81:8:81:Infinity":32,"s:82:8:82:Infinity":33,"s:83:6:83:Infinity":34,"s:87:25:87:Infinity":35,"s:88:25:88:Infinity":36,"s:92:3:94:Infinity":37,"b:92:3:92:Infinity:93:4:93:26:93:26:93:Infinity:94:3:94:Infinity":5,"b:96:2:204:Infinity:undefined:undefined:undefined:undefined":6,"s:96:2:204:Infinity":38,"s:97:20:97:Infinity":39,"b:98:3:106:Infinity:undefined:undefined:undefined:undefined":7,"s:98:3:106:Infinity":40,"s:99:4:105:Infinity":41,"s:100:5:100:Infinity":42,"s:101:5:101:Infinity":43,"s:103:5:103:Infinity":44,"s:104:5:104:Infinity":45,"s:109:20:109:Infinity":46,"b:109:20:109:57:109:57:109:Infinity":8,"s:110:17:110:Infinity":47,"b:110:44:110:68:110:68:110:Infinity":9,"s:111:18:117:Infinity":48,"s:119:22:119:Infinity":49,"b:121:3:203:Infinity:undefined:undefined:undefined:undefined":10,"s:121:3:203:Infinity":50,"b:122:4:125:Infinity:undefined:undefined:undefined:undefined":11,"s:122:4:125:Infinity":51,"s:123:5:123:Infinity":52,"s:124:5:124:Infinity":53,"s:127:8:130:Infinity":54,"b:133:4:151:Infinity:undefined:undefined:undefined:undefined":12,"s:133:4:151:Infinity":55,"b:134:5:134:Infinity:135:5:135:Infinity:136:6:136:Infinity":13,"s:138:22:138:Infinity":56,"b:138:22:138:59:138:59:138:Infinity":14,"s:139:19:139:Infinity":57,"b:139:46:139:70:139:70:139:Infinity":15,"s:140:5:150:Infinity":58,"s:141:21:141:Infinity":59,"b:142:6:147:Infinity:undefined:undefined:undefined:undefined":16,"s:142:6:147:Infinity":60,"s:143:7:146:Infinity":61,"s:149:6:149:Infinity":62,"b:153:4:155:Infinity:undefined:undefined:undefined:undefined":17,"s:153:4:155:Infinity":63,"s:154:5:154:Infinity":64,"s:159:5:161:Infinity":65,"b:160:8:160:Infinity:161:8:161:Infinity":18,"b:159:5:159:38:159:38:159:Infinity":19,"b:161:8:161:26:161:26:161:Infinity":20,"s:164:29:164:Infinity":66,"b:164:29:164:91:164:91:164:Infinity":21,"s:165:22:165:Infinity":67,"s:166:25:166:Infinity":68,"s:169:4:174:Infinity":69,"b:172:19:172:47:172:47:172:Infinity":22,"b:177:4:185:Infinity:undefined:undefined:undefined:undefined":23,"s:177:4:185:Infinity":70,"b:188:4:193:Infinity:undefined:undefined:undefined:undefined":24,"s:188:4:193:Infinity":71,"s:189:24:191:Infinity":72,"b:190:8:190:Infinity:191:8:191:Infinity":25,"s:192:5:192:Infinity":73,"b:196:4:202:Infinity:undefined:undefined:undefined:undefined":26,"s:196:4:202:Infinity":74,"s:197:5:197:Infinity":75,"s:198:5:200:Infinity":76,"s:199:6:199:Infinity":77,"s:201:5:201:Infinity":78,"f:207:9:207:Infinity":4,"s:215:26:215:Infinity":79,"b:215:47:215:75:215:75:215:Infinity":27,"s:216:2:216:Infinity":80,"s:217:26:217:Infinity":81,"s:218:2:218:Infinity":82}}}
,"/Users/joshua/my-docs/code/elocuency-v3/apps/elo-obsidian-core-plugin/src/Application/UseCases/ImproveNoteWithAiUseCase.ts": {"path":"/Users/joshua/my-docs/code/elocuency-v3/apps/elo-obsidian-core-plugin/src/Application/UseCases/ImproveNoteWithAiUseCase.ts","statementMap":{"0":{"start":{"line":18,"column":25},"end":{"line":18,"column":null}},"1":{"start":{"line":19,"column":25},"end":{"line":19,"column":null}},"2":{"start":{"line":23,"column":8},"end":{"line":23,"column":null}},"3":{"start":{"line":25,"column":24},"end":{"line":25,"column":null}},"4":{"start":{"line":26,"column":14},"end":{"line":26,"column":null}},"5":{"start":{"line":27,"column":14},"end":{"line":27,"column":null}},"6":{"start":{"line":29,"column":29},"end":{"line":29,"column":null}},"7":{"start":{"line":30,"column":31},"end":{"line":30,"column":null}},"8":{"start":{"line":32,"column":26},"end":{"line":32,"column":null}},"9":{"start":{"line":33,"column":33},"end":{"line":33,"column":null}},"10":{"start":{"line":36,"column":30},"end":{"line":36,"column":null}},"11":{"start":{"line":37,"column":8},"end":{"line":40,"column":null}},"12":{"start":{"line":38,"column":12},"end":{"line":38,"column":null}},"13":{"start":{"line":39,"column":12},"end":{"line":39,"column":null}},"14":{"start":{"line":43,"column":8},"end":{"line":47,"column":null}},"15":{"start":{"line":44,"column":12},"end":{"line":44,"column":null}},"16":{"start":{"line":45,"column":30},"end":{"line":45,"column":null}},"17":{"start":{"line":45,"column":67},"end":{"line":45,"column":86}},"18":{"start":{"line":46,"column":12},"end":{"line":46,"column":null}},"19":{"start":{"line":49,"column":8},"end":{"line":52,"column":null}},"20":{"start":{"line":50,"column":12},"end":{"line":50,"column":null}},"21":{"start":{"line":51,"column":12},"end":{"line":51,"column":null}},"22":{"start":{"line":54,"column":8},"end":{"line":54,"column":null}},"23":{"start":{"line":56,"column":22},"end":{"line":56,"column":null}},"24":{"start":{"line":59,"column":38},"end":{"line":59,"column":null}},"25":{"start":{"line":60,"column":8},"end":{"line":60,"column":null}},"26":{"start":{"line":61,"column":8},"end":{"line":61,"column":null}},"27":{"start":{"line":63,"column":23},"end":{"line":63,"column":null}},"28":{"start":{"line":65,"column":25},"end":{"line":65,"column":null}},"29":{"start":{"line":67,"column":8},"end":{"line":85,"column":null}},"30":{"start":{"line":68,"column":41},"end":{"line":68,"column":null}},"31":{"start":{"line":69,"column":41},"end":{"line":69,"column":null}},"32":{"start":{"line":70,"column":18},"end":{"line":73,"column":null}},"33":{"start":{"line":75,"column":37},"end":{"line":77,"column":null}},"34":{"start":{"line":79,"column":31},"end":{"line":79,"column":null}},"35":{"start":{"line":81,"column":12},"end":{"line":81,"column":null}},"36":{"start":{"line":82,"column":12},"end":{"line":82,"column":null}},"37":{"start":{"line":84,"column":12},"end":{"line":84,"column":null}},"38":{"start":{"line":89,"column":22},"end":{"line":92,"column":null}},"39":{"start":{"line":94,"column":8},"end":{"line":100,"column":null}},"40":{"start":{"line":95,"column":12},"end":{"line":99,"column":null}},"41":{"start":{"line":96,"column":16},"end":{"line":96,"column":null}},"42":{"start":{"line":98,"column":16},"end":{"line":98,"column":null}},"43":{"start":{"line":102,"column":8},"end":{"line":107,"column":null}},"44":{"start":{"line":109,"column":8},"end":{"line":111,"column":null}},"45":{"start":{"line":110,"column":12},"end":{"line":110,"column":null}},"46":{"start":{"line":113,"column":8},"end":{"line":115,"column":null}},"47":{"start":{"line":117,"column":8},"end":{"line":117,"column":null}},"48":{"start":{"line":121,"column":8},"end":{"line":121,"column":null}},"49":{"start":{"line":121,"column":26},"end":{"line":121,"column":null}},"50":{"start":{"line":123,"column":51},"end":{"line":123,"column":null}},"51":{"start":{"line":124,"column":23},"end":{"line":124,"column":null}},"52":{"start":{"line":127,"column":8},"end":{"line":129,"column":null}},"53":{"start":{"line":128,"column":12},"end":{"line":128,"column":null}},"54":{"start":{"line":131,"column":8},"end":{"line":157,"column":null}},"55":{"start":{"line":132,"column":28},"end":{"line":132,"column":null}},"56":{"start":{"line":133,"column":29},"end":{"line":133,"column":null}},"57":{"start":{"line":136,"column":12},"end":{"line":138,"column":null}},"58":{"start":{"line":137,"column":16},"end":{"line":137,"column":null}},"59":{"start":{"line":140,"column":27},"end":{"line":140,"column":null}},"60":{"start":{"line":141,"column":29},"end":{"line":141,"column":null}},"61":{"start":{"line":143,"column":12},"end":{"line":154,"column":null}},"62":{"start":{"line":144,"column":16},"end":{"line":153,"column":null}},"63":{"start":{"line":145,"column":20},"end":{"line":145,"column":null}},"64":{"start":{"line":146,"column":16},"end":{"line":153,"column":null}},"65":{"start":{"line":147,"column":20},"end":{"line":152,"column":null}},"66":{"start":{"line":148,"column":24},"end":{"line":150,"column":null}},"67":{"start":{"line":149,"column":28},"end":{"line":149,"column":null}},"68":{"start":{"line":151,"column":24},"end":{"line":151,"column":null}},"69":{"start":{"line":156,"column":12},"end":{"line":156,"column":null}},"70":{"start":{"line":159,"column":8},"end":{"line":159,"column":null}},"71":{"start":{"line":163,"column":24},"end":{"line":163,"column":null}},"72":{"start":{"line":164,"column":8},"end":{"line":166,"column":null}},"73":{"start":{"line":165,"column":12},"end":{"line":165,"column":null}},"74":{"start":{"line":167,"column":8},"end":{"line":167,"column":null}}},"fnMap":{"0":{"name":"(anonymous_0)","decl":{"start":{"line":17,"column":4},"end":{"line":17,"column":null}},"loc":{"start":{"line":20,"column":6},"end":{"line":20,"column":null}},"line":20},"1":{"name":"(anonymous_1)","decl":{"start":{"line":22,"column":10},"end":{"line":22,"column":18}},"loc":{"start":{"line":22,"column":68},"end":{"line":86,"column":null}},"line":22},"2":{"name":"(anonymous_2)","decl":{"start":{"line":45,"column":62},"end":{"line":45,"column":67}},"loc":{"start":{"line":45,"column":67},"end":{"line":45,"column":86}},"line":45},"3":{"name":"(anonymous_3)","decl":{"start":{"line":88,"column":12},"end":{"line":88,"column":24}},"loc":{"start":{"line":88,"column":167},"end":{"line":118,"column":null}},"line":88},"4":{"name":"(anonymous_4)","decl":{"start":{"line":120,"column":12},"end":{"line":120,"column":41}},"loc":{"start":{"line":120,"column":104},"end":{"line":160,"column":null}},"line":120},"5":{"name":"(anonymous_5)","decl":{"start":{"line":127,"column":49},"end":{"line":127,"column":56}},"loc":{"start":{"line":127,"column":56},"end":{"line":129,"column":9}},"line":127},"6":{"name":"(anonymous_6)","decl":{"start":{"line":147,"column":43},"end":{"line":147,"column":51}},"loc":{"start":{"line":147,"column":51},"end":{"line":152,"column":21}},"line":147},"7":{"name":"(anonymous_7)","decl":{"start":{"line":162,"column":12},"end":{"line":162,"column":27}},"loc":{"start":{"line":162,"column":50},"end":{"line":168,"column":null}},"line":162}},"branchMap":{"0":{"loc":{"start":{"line":22,"column":18},"end":{"line":22,"column":68}},"type":"default-arg","locations":[{"start":{"line":22,"column":55},"end":{"line":22,"column":68}}],"line":22},"1":{"loc":{"start":{"line":27,"column":14},"end":{"line":27,"column":null}},"type":"binary-expr","locations":[{"start":{"line":27,"column":14},"end":{"line":27,"column":71}},{"start":{"line":27,"column":71},"end":{"line":27,"column":null}}],"line":27},"2":{"loc":{"start":{"line":37,"column":8},"end":{"line":40,"column":null}},"type":"if","locations":[{"start":{"line":37,"column":8},"end":{"line":40,"column":null}},{"start":{},"end":{}}],"line":37},"3":{"loc":{"start":{"line":37,"column":12},"end":{"line":37,"column":51}},"type":"binary-expr","locations":[{"start":{"line":37,"column":12},"end":{"line":37,"column":29}},{"start":{"line":37,"column":29},"end":{"line":37,"column":51}}],"line":37},"4":{"loc":{"start":{"line":43,"column":8},"end":{"line":47,"column":null}},"type":"if","locations":[{"start":{"line":43,"column":8},"end":{"line":47,"column":null}},{"start":{},"end":{}}],"line":43},"5":{"loc":{"start":{"line":43,"column":12},"end":{"line":43,"column":42}},"type":"binary-expr","locations":[{"start":{"line":43,"column":12},"end":{"line":43,"column":28}},{"start":{"line":43,"column":28},"end":{"line":43,"column":42}}],"line":43},"6":{"loc":{"start":{"line":49,"column":8},"end":{"line":52,"column":null}},"type":"if","locations":[{"start":{"line":49,"column":8},"end":{"line":52,"column":null}},{"start":{},"end":{}}],"line":49},"7":{"loc":{"start":{"line":67,"column":8},"end":{"line":85,"column":null}},"type":"if","locations":[{"start":{"line":67,"column":8},"end":{"line":85,"column":null}},{"start":{"line":83,"column":15},"end":{"line":85,"column":null}}],"line":67},"8":{"loc":{"start":{"line":68,"column":41},"end":{"line":68,"column":null}},"type":"binary-expr","locations":[{"start":{"line":68,"column":41},"end":{"line":68,"column":65}},{"start":{"line":68,"column":65},"end":{"line":68,"column":null}}],"line":68},"9":{"loc":{"start":{"line":75,"column":37},"end":{"line":77,"column":null}},"type":"cond-expr","locations":[{"start":{"line":75,"column":37},"end":{"line":76,"column":null}},{"start":{"line":77,"column":18},"end":{"line":77,"column":null}}],"line":75},"10":{"loc":{"start":{"line":94,"column":8},"end":{"line":100,"column":null}},"type":"if","locations":[{"start":{"line":94,"column":8},"end":{"line":100,"column":null}},{"start":{},"end":{}}],"line":94},"11":{"loc":{"start":{"line":95,"column":12},"end":{"line":99,"column":null}},"type":"if","locations":[{"start":{"line":95,"column":12},"end":{"line":99,"column":null}},{"start":{"line":97,"column":19},"end":{"line":99,"column":null}}],"line":95},"12":{"loc":{"start":{"line":109,"column":8},"end":{"line":111,"column":null}},"type":"if","locations":[{"start":{"line":109,"column":8},"end":{"line":111,"column":null}},{"start":{},"end":{}}],"line":109},"13":{"loc":{"start":{"line":121,"column":8},"end":{"line":121,"column":null}},"type":"if","locations":[{"start":{"line":121,"column":8},"end":{"line":121,"column":null}},{"start":{},"end":{}}],"line":121},"14":{"loc":{"start":{"line":136,"column":12},"end":{"line":138,"column":null}},"type":"if","locations":[{"start":{"line":136,"column":12},"end":{"line":138,"column":null}},{"start":{},"end":{}}],"line":136},"15":{"loc":{"start":{"line":143,"column":12},"end":{"line":154,"column":null}},"type":"if","locations":[{"start":{"line":143,"column":12},"end":{"line":154,"column":null}},{"start":{},"end":{}}],"line":143},"16":{"loc":{"start":{"line":143,"column":16},"end":{"line":143,"column":41}},"type":"binary-expr","locations":[{"start":{"line":143,"column":16},"end":{"line":143,"column":26}},{"start":{"line":143,"column":26},"end":{"line":143,"column":41}}],"line":143},"17":{"loc":{"start":{"line":144,"column":16},"end":{"line":153,"column":null}},"type":"if","locations":[{"start":{"line":144,"column":16},"end":{"line":153,"column":null}},{"start":{"line":146,"column":16},"end":{"line":153,"column":null}}],"line":144},"18":{"loc":{"start":{"line":146,"column":16},"end":{"line":153,"column":null}},"type":"if","locations":[{"start":{"line":146,"column":16},"end":{"line":153,"column":null}},{"start":{},"end":{}}],"line":146},"19":{"loc":{"start":{"line":148,"column":24},"end":{"line":150,"column":null}},"type":"if","locations":[{"start":{"line":148,"column":24},"end":{"line":150,"column":null}},{"start":{},"end":{}}],"line":148},"20":{"loc":{"start":{"line":164,"column":8},"end":{"line":166,"column":null}},"type":"if","locations":[{"start":{"line":164,"column":8},"end":{"line":166,"column":null}},{"start":{},"end":{}}],"line":164},"21":{"loc":{"start":{"line":164,"column":12},"end":{"line":164,"column":64}},"type":"binary-expr","locations":[{"start":{"line":164,"column":12},"end":{"line":164,"column":40}},{"start":{"line":164,"column":40},"end":{"line":164,"column":64}}],"line":164}},"s":{"0":12,"1":12,"2":12,"3":12,"4":12,"5":12,"6":12,"7":12,"8":12,"9":12,"10":12,"11":12,"12":3,"13":3,"14":12,"15":8,"16":8,"17":10,"18":8,"19":12,"20":1,"21":1,"22":11,"23":11,"24":11,"25":11,"26":11,"27":11,"28":11,"29":11,"30":10,"31":10,"32":10,"33":10,"34":10,"35":10,"36":10,"37":1,"38":11,"39":11,"40":2,"41":1,"42":1,"43":11,"44":11,"45":1,"46":11,"47":11,"48":10,"49":0,"50":10,"51":10,"52":10,"53":470,"54":10,"55":5,"56":5,"57":5,"58":3,"59":5,"60":5,"61":5,"62":2,"63":1,"64":1,"65":1,"66":3,"67":2,"68":1,"69":5,"70":10,"71":3,"72":3,"73":1,"74":2},"f":{"0":12,"1":12,"2":10,"3":11,"4":10,"5":470,"6":3,"7":3},"b":{"0":[12],"1":[12,3],"2":[3,9],"3":[12,3],"4":[8,4],"5":[12,9],"6":[1,11],"7":[10,1],"8":[10,5],"9":[10,0],"10":[2,9],"11":[1,1],"12":[1,10],"13":[0,10],"14":[3,2],"15":[2,3],"16":[5,3],"17":[1,1],"18":[1,0],"19":[2,1],"20":[1,2],"21":[3,1]},"meta":{"lastBranch":22,"lastFunction":8,"lastStatement":75,"seen":{"f:17:4:17:Infinity":0,"s:18:25:18:Infinity":0,"s:19:25:19:Infinity":1,"f:22:10:22:18":1,"b:22:55:22:68":0,"s:23:8:23:Infinity":2,"s:25:24:25:Infinity":3,"s:26:14:26:Infinity":4,"s:27:14:27:Infinity":5,"b:27:14:27:71:27:71:27:Infinity":1,"s:29:29:29:Infinity":6,"s:30:31:30:Infinity":7,"s:32:26:32:Infinity":8,"s:33:33:33:Infinity":9,"s:36:30:36:Infinity":10,"b:37:8:40:Infinity:undefined:undefined:undefined:undefined":2,"s:37:8:40:Infinity":11,"b:37:12:37:29:37:29:37:51":3,"s:38:12:38:Infinity":12,"s:39:12:39:Infinity":13,"b:43:8:47:Infinity:undefined:undefined:undefined:undefined":4,"s:43:8:47:Infinity":14,"b:43:12:43:28:43:28:43:42":5,"s:44:12:44:Infinity":15,"s:45:30:45:Infinity":16,"f:45:62:45:67":2,"s:45:67:45:86":17,"s:46:12:46:Infinity":18,"b:49:8:52:Infinity:undefined:undefined:undefined:undefined":6,"s:49:8:52:Infinity":19,"s:50:12:50:Infinity":20,"s:51:12:51:Infinity":21,"s:54:8:54:Infinity":22,"s:56:22:56:Infinity":23,"s:59:38:59:Infinity":24,"s:60:8:60:Infinity":25,"s:61:8:61:Infinity":26,"s:63:23:63:Infinity":27,"s:65:25:65:Infinity":28,"b:67:8:85:Infinity:83:15:85:Infinity":7,"s:67:8:85:Infinity":29,"s:68:41:68:Infinity":30,"b:68:41:68:65:68:65:68:Infinity":8,"s:69:41:69:Infinity":31,"s:70:18:73:Infinity":32,"s:75:37:77:Infinity":33,"b:75:37:76:Infinity:77:18:77:Infinity":9,"s:79:31:79:Infinity":34,"s:81:12:81:Infinity":35,"s:82:12:82:Infinity":36,"s:84:12:84:Infinity":37,"f:88:12:88:24":3,"s:89:22:92:Infinity":38,"b:94:8:100:Infinity:undefined:undefined:undefined:undefined":10,"s:94:8:100:Infinity":39,"b:95:12:99:Infinity:97:19:99:Infinity":11,"s:95:12:99:Infinity":40,"s:96:16:96:Infinity":41,"s:98:16:98:Infinity":42,"s:102:8:107:Infinity":43,"b:109:8:111:Infinity:undefined:undefined:undefined:undefined":12,"s:109:8:111:Infinity":44,"s:110:12:110:Infinity":45,"s:113:8:115:Infinity":46,"s:117:8:117:Infinity":47,"f:120:12:120:41":4,"b:121:8:121:Infinity:undefined:undefined:undefined:undefined":13,"s:121:8:121:Infinity":48,"s:121:26:121:Infinity":49,"s:123:51:123:Infinity":50,"s:124:23:124:Infinity":51,"s:127:8:129:Infinity":52,"f:127:49:127:56":5,"s:128:12:128:Infinity":53,"s:131:8:157:Infinity":54,"s:132:28:132:Infinity":55,"s:133:29:133:Infinity":56,"b:136:12:138:Infinity:undefined:undefined:undefined:undefined":14,"s:136:12:138:Infinity":57,"s:137:16:137:Infinity":58,"s:140:27:140:Infinity":59,"s:141:29:141:Infinity":60,"b:143:12:154:Infinity:undefined:undefined:undefined:undefined":15,"s:143:12:154:Infinity":61,"b:143:16:143:26:143:26:143:41":16,"b:144:16:153:Infinity:146:16:153:Infinity":17,"s:144:16:153:Infinity":62,"s:145:20:145:Infinity":63,"b:146:16:153:Infinity:undefined:undefined:undefined:undefined":18,"s:146:16:153:Infinity":64,"s:147:20:152:Infinity":65,"f:147:43:147:51":6,"b:148:24:150:Infinity:undefined:undefined:undefined:undefined":19,"s:148:24:150:Infinity":66,"s:149:28:149:Infinity":67,"s:151:24:151:Infinity":68,"s:156:12:156:Infinity":69,"s:159:8:159:Infinity":70,"f:162:12:162:27":7,"s:163:24:163:Infinity":71,"b:164:8:166:Infinity:undefined:undefined:undefined:undefined":20,"s:164:8:166:Infinity":72,"b:164:12:164:40:164:40:164:64":21,"s:165:12:165:Infinity":73,"s:167:8:167:Infinity":74}}}
,"/Users/joshua/my-docs/code/elocuency-v3/apps/elo-obsidian-core-plugin/src/Domain/Utils/Strings.ts": {"path":"/Users/joshua/my-docs/code/elocuency-v3/apps/elo-obsidian-core-plugin/src/Domain/Utils/Strings.ts","statementMap":{"0":{"start":{"line":2,"column":4},"end":{"line":2,"column":null}},"1":{"start":{"line":2,"column":14},"end":{"line":2,"column":null}},"2":{"start":{"line":3,"column":4},"end":{"line":3,"column":null}},"3":{"start":{"line":7,"column":19},"end":{"line":7,"column":null}},"4":{"start":{"line":10,"column":4},"end":{"line":12,"column":null}},"5":{"start":{"line":10,"column":17},"end":{"line":10,"column":20}},"6":{"start":{"line":11,"column":8},"end":{"line":11,"column":null}},"7":{"start":{"line":15,"column":4},"end":{"line":17,"column":null}},"8":{"start":{"line":15,"column":17},"end":{"line":15,"column":20}},"9":{"start":{"line":16,"column":8},"end":{"line":16,"column":null}},"10":{"start":{"line":20,"column":4},"end":{"line":34,"column":null}},"11":{"start":{"line":20,"column":17},"end":{"line":20,"column":20}},"12":{"start":{"line":21,"column":8},"end":{"line":33,"column":null}},"13":{"start":{"line":21,"column":21},"end":{"line":21,"column":24}},"14":{"start":{"line":22,"column":12},"end":{"line":32,"column":null}},"15":{"start":{"line":23,"column":16},"end":{"line":23,"column":null}},"16":{"start":{"line":25,"column":16},"end":{"line":31,"column":null}},"17":{"start":{"line":36,"column":4},"end":{"line":36,"column":null}},"18":{"start":{"line":40,"column":19},"end":{"line":40,"column":null}},"19":{"start":{"line":41,"column":20},"end":{"line":41,"column":null}},"20":{"start":{"line":42,"column":25},"end":{"line":42,"column":null}},"21":{"start":{"line":44,"column":4},"end":{"line":46,"column":null}},"22":{"start":{"line":45,"column":8},"end":{"line":45,"column":null}},"23":{"start":{"line":48,"column":4},"end":{"line":48,"column":null}}},"fnMap":{"0":{"name":"capitalize","decl":{"start":{"line":1,"column":16},"end":{"line":1,"column":27}},"loc":{"start":{"line":1,"column":48},"end":{"line":4,"column":null}},"line":1},"1":{"name":"levenshtein","decl":{"start":{"line":6,"column":16},"end":{"line":6,"column":28}},"loc":{"start":{"line":6,"column":58},"end":{"line":37,"column":null}},"line":6},"2":{"name":"similarity","decl":{"start":{"line":39,"column":16},"end":{"line":39,"column":27}},"loc":{"start":{"line":39,"column":57},"end":{"line":49,"column":null}},"line":39}},"branchMap":{"0":{"loc":{"start":{"line":2,"column":4},"end":{"line":2,"column":null}},"type":"if","locations":[{"start":{"line":2,"column":4},"end":{"line":2,"column":null}},{"start":{},"end":{}}],"line":2},"1":{"loc":{"start":{"line":22,"column":12},"end":{"line":32,"column":null}},"type":"if","locations":[{"start":{"line":22,"column":12},"end":{"line":32,"column":null}},{"start":{"line":24,"column":19},"end":{"line":32,"column":null}}],"line":22},"2":{"loc":{"start":{"line":40,"column":19},"end":{"line":40,"column":null}},"type":"cond-expr","locations":[{"start":{"line":40,"column":41},"end":{"line":40,"column":45}},{"start":{"line":40,"column":45},"end":{"line":40,"column":null}}],"line":40},"3":{"loc":{"start":{"line":41,"column":20},"end":{"line":41,"column":null}},"type":"cond-expr","locations":[{"start":{"line":41,"column":42},"end":{"line":41,"column":46}},{"start":{"line":41,"column":46},"end":{"line":41,"column":null}}],"line":41},"4":{"loc":{"start":{"line":44,"column":4},"end":{"line":46,"column":null}},"type":"if","locations":[{"start":{"line":44,"column":4},"end":{"line":46,"column":null}},{"start":{},"end":{}}],"line":44}},"s":{"0":5,"1":1,"2":4,"3":12,"4":12,"5":12,"6":56,"7":12,"8":12,"9":57,"10":12,"11":12,"12":44,"13":44,"14":178,"15":45,"16":133,"17":12,"18":6,"19":6,"20":6,"21":6,"22":1,"23":5},"f":{"0":5,"1":12,"2":6},"b":{"0":[1,4],"1":[45,133],"2":[1,5],"3":[1,5],"4":[1,5]},"meta":{"lastBranch":5,"lastFunction":3,"lastStatement":24,"seen":{"f:1:16:1:27":0,"b:2:4:2:Infinity:undefined:undefined:undefined:undefined":0,"s:2:4:2:Infinity":0,"s:2:14:2:Infinity":1,"s:3:4:3:Infinity":2,"f:6:16:6:28":1,"s:7:19:7:Infinity":3,"s:10:4:12:Infinity":4,"s:10:17:10:20":5,"s:11:8:11:Infinity":6,"s:15:4:17:Infinity":7,"s:15:17:15:20":8,"s:16:8:16:Infinity":9,"s:20:4:34:Infinity":10,"s:20:17:20:20":11,"s:21:8:33:Infinity":12,"s:21:21:21:24":13,"b:22:12:32:Infinity:24:19:32:Infinity":1,"s:22:12:32:Infinity":14,"s:23:16:23:Infinity":15,"s:25:16:31:Infinity":16,"s:36:4:36:Infinity":17,"f:39:16:39:27":2,"s:40:19:40:Infinity":18,"b:40:41:40:45:40:45:40:Infinity":2,"s:41:20:41:Infinity":19,"b:41:42:41:46:41:46:41:Infinity":3,"s:42:25:42:Infinity":20,"b:44:4:46:Infinity:undefined:undefined:undefined:undefined":4,"s:44:4:46:Infinity":21,"s:45:8:45:Infinity":22,"s:48:4:48:Infinity":23}}}
[...]
":{"loc":{"start":{"line":19,"column":2},"end":{"line":19,"column":null}},"type":"if","locations":[{"start":{"line":19,"column":2},"end":{"line":19,"column":null}},{"start":{},"end":{}}],"line":19},"1":{"loc":{"start":{"line":25,"column":4},"end":{"line":27,"column":null}},"type":"if","locations":[{"start":{"line":25,"column":4},"end":{"line":27,"column":null}},{"start":{},"end":{}}],"line":25},"2":{"loc":{"start":{"line":30,"column":4},"end":{"line":32,"column":null}},"type":"if","locations":[{"start":{"line":30,"column":4},"end":{"line":32,"column":null}},{"start":{},"end":{}}],"line":30},"3":{"loc":{"start":{"line":37,"column":4},"end":{"line":39,"column":null}},"type":"if","locations":[{"start":{"line":37,"column":4},"end":{"line":39,"column":null}},{"start":{},"end":{}}],"line":37},"4":{"loc":{"start":{"line":42,"column":4},"end":{"line":44,"column":null}},"type":"if","locations":[{"start":{"line":42,"column":4},"end":{"line":44,"column":null}},{"start":{},"end":{}}],"line":42},"5":{"loc":{"start":{"line":49,"column":2},"end":{"line":51,"column":null}},"type":"if","locations":[{"start":{"line":49,"column":2},"end":{"line":51,"column":null}},{"start":{},"end":{}}],"line":49},"6":{"loc":{"start":{"line":58,"column":2},"end":{"line":60,"column":null}},"type":"if","locations":[{"start":{"line":58,"column":2},"end":{"line":60,"column":null}},{"start":{},"end":{}}],"line":58},"7":{"loc":{"start":{"line":64,"column":2},"end":{"line":66,"column":null}},"type":"if","locations":[{"start":{"line":64,"column":2},"end":{"line":66,"column":null}},{"start":{},"end":{}}],"line":64},"8":{"loc":{"start":{"line":71,"column":2},"end":{"line":73,"column":null}},"type":"if","locations":[{"start":{"line":71,"column":2},"end":{"line":73,"column":null}},{"start":{},"end":{}}],"line":71},"9":{"loc":{"start":{"line":81,"column":2},"end":{"line":83,"column":null}},"type":"if","locations":[{"start":{"line":81,"column":2},"end":{"line":83,"column":null}},{"start":{},"end":{}}],"line":81},"10":{"loc":{"start":{"line":86,"column":4},"end":{"line":86,"column":null}},"type":"binary-expr","locations":[{"start":{"line":86,"column":4},"end":{"line":86,"column":41}},{"start":{"line":86,"column":41},"end":{"line":86,"column":68}},{"start":{"line":86,"column":68},"end":{"line":86,"column":null}}],"line":86},"11":{"loc":{"start":{"line":88,"column":2},"end":{"line":90,"column":null}},"type":"if","locations":[{"start":{"line":88,"column":2},"end":{"line":90,"column":null}},{"start":{},"end":{}}],"line":88},"12":{"loc":{"start":{"line":100,"column":4},"end":{"line":102,"column":null}},"type":"if","locations":[{"start":{"line":100,"column":4},"end":{"line":102,"column":null}},{"start":{},"end":{}}],"line":100},"13":{"loc":{"start":{"line":100,"column":8},"end":{"line":100,"column":59}},"type":"binary-expr","locations":[{"start":{"line":100,"column":8},"end":{"line":100,"column":41}},{"start":{"line":100,"column":41},"end":{"line":100,"column":59}}],"line":100},"14":{"loc":{"start":{"line":115,"column":14},"end":{"line":115,"column":null}},"type":"cond-expr","locations":[{"start":{"line":115,"column":24},"end":{"line":115,"column":47}},{"start":{"line":115,"column":47},"end":{"line":115,"column":null}}],"line":115},"15":{"loc":{"start":{"line":119,"column":4},"end":{"line":128,"column":null}},"type":"if","locations":[{"start":{"line":119,"column":4},"end":{"line":128,"column":null}},{"start":{},"end":{}}],"line":119},"16":{"loc":{"start":{"line":122,"column":6},"end":{"line":125,"column":null}},"type":"if","locations":[{"start":{"line":122,"column":6},"end":{"line":125,"column":null}},{"start":{},"end":{}}],"line":122},"17":{"loc":{"start":{"line":135,"column":6},"end":{"line":137,"column":null}},"type":"if","locations":[{"start":{"line":135,"column":6},"end":{"line":137,"column":null}},{"start":{},"end":{}}],"line":135},"18":{"loc":{"start":{"line":135,"column":10},"end":{"line":135,"column":81}},"type":"binary-expr","locations":[{"start":{"line":135,"column":10},"end":{"line":135,"column":59}},{"start":{"line":135,"column":59},"end":{"line":135,"column":81}}],"line":135},"19":{"loc":{"start":{"line":148,"column":2},"end":{"line":150,"column":null}},"type":"if","locations":[{"start":{"line":148,"column":2},"end":{"line":150,"column":null}},{"start":{},"end":{}}],"line":148},"20":{"loc":{"start":{"line":157,"column":2},"end":{"line":159,"column":null}},"type":"if","locations":[{"start":{"line":157,"column":2},"end":{"line":159,"column":null}},{"start":{},"end":{}}],"line":157},"21":{"loc":{"start":{"line":157,"column":6},"end":{"line":157,"column":53}},"type":"binary-expr","locations":[{"start":{"line":157,"column":6},"end":{"line":157,"column":22}},{"start":{"line":157,"column":22},"end":{"line":157,"column":53}}],"line":157},"22":{"loc":{"start":{"line":170,"column":2},"end":{"line":170,"column":null}},"type":"if","locations":[{"start":{"line":170,"column":2},"end":{"line":170,"column":null}},{"start":{},"end":{}}],"line":170},"23":{"loc":{"start":{"line":188,"column":18},"end":{"line":188,"column":null}},"type":"cond-expr","locations":[{"start":{"line":188,"column":32},"end":{"line":188,"column":59}},{"start":{"line":188,"column":59},"end":{"line":188,"column":null}}],"line":188},"24":{"loc":{"start":{"line":193,"column":4},"end":{"line":200,"column":null}},"type":"if","locations":[{"start":{"line":193,"column":4},"end":{"line":200,"column":null}},{"start":{},"end":{}}],"line":193}},"s":{"0":9,"1":9,"2":9,"3":9,"4":9,"5":0,"6":9,"7":9,"8":16,"9":16,"10":2,"11":14,"12":1,"13":13,"14":13,"15":2,"16":11,"17":3,"18":3,"19":1,"20":2,"21":11,"22":11,"23":4,"24":7,"25":7,"26":7,"27":5,"28":6,"29":6,"30":1,"31":5,"32":11,"33":11,"34":11,"35":2,"36":9,"37":11,"38":1,"39":8,"40":8,"41":11,"42":7,"43":1,"44":5,"45":5,"46":5,"47":5,"48":6,"49":6,"50":6,"51":2,"52":2,"53":1,"54":1,"55":1,"56":4,"57":4,"58":4,"59":2,"60":1,"61":1,"62":1,"63":3,"64":3,"65":1,"66":2,"67":2,"68":2,"69":1,"70":1,"71":2,"72":2,"73":2,"74":0,"75":2,"76":2,"77":2,"78":4,"79":4,"80":4,"81":4,"82":4,"83":4,"84":4,"85":2},"f":{"0":9,"1":11,"2":6,"3":11,"4":5,"5":3,"6":2},"b":{"0":[0,9],"1":[2,14],"2":[1,13],"3":[2,11],"4":[3,8],"5":[1,2],"6":[4,7],"7":[5,2],"8":[1,5],"9":[2,9],"10":[9,1,1],"11":[1,10],"12":[7,4],"13":[11,7],"14":[1,5],"15":[2,4],"16":[1,1],"17":[1,1],"18":[2,1],"19":[1,2],"20":[1,1],"21":[2,1],"22":[0,2],"23":[2,2],"24":[4,0]},"meta":{"lastBranch":25,"lastFunction":7,"lastStatement":86,"seen":{"f:11:16:11:30":0,"s:12:8:12:Infinity":0,"s:13:8:13:Infinity":1,"s:15:22:15:Infinity":2,"s:16:22:16:Infinity":3,"b:19:2:19:Infinity:undefined:undefined:undefined:undefined":0,"s:19:2:19:Infinity":4,"s:19:32:19:Infinity":5,"s:21:2:45:Infinity":6,"s:21:15:21:18":7,"s:22:23:22:Infinity":8,"b:25:4:27:Infinity:undefined:undefined:undefined:undefined":1,"s:25:4:27:Infinity":9,"s:26:6:26:Infinity":10,"b:30:4:32:Infinity:undefined:undefined:undefined:undefined":2,"s:30:4:32:Infinity":11,"s:31:6:31:Infinity":12,"s:34:23:34:Infinity":13,"b:37:4:39:Infinity:undefined:undefined:undefined:undefined":3,"s:37:4:39:Infinity":14,"s:38:6:38:Infinity":15,"b:42:4:44:Infinity:undefined:undefined:undefined:undefined":4,"s:42:4:44:Infinity":16,"s:43:6:43:Infinity":17,"b:49:2:51:Infinity:undefined:undefined:undefined:undefined":5,"s:49:2:51:Infinity":18,"s:50:4:50:Infinity":19,"s:53:2:53:Infinity":20,"f:56:22:56:41":1,"s:57:21:57:Infinity":21,"b:58:2:60:Infinity:undefined:undefined:undefined:undefined":6,"s:58:2:60:Infinity":22,"s:59:4:59:Infinity":23,"s:62:8:62:Infinity":24,"s:63:17:63:Infinity":25,"b:64:2:66:Infinity:undefined:undefined:undefined:undefined":7,"s:64:2:66:Infinity":26,"s:65:4:65:Infinity":27,"f:69:22:69:33":2,"s:70:15:70:Infinity":28,"b:71:2:73:Infinity:undefined:undefined:undefined:undefined":8,"s:71:2:73:Infinity":29,"s:72:4:72:Infinity":30,"s:75:2:75:Infinity":31,"f:78:16:78:35":3,"s:79:27:79:Infinity":32,"s:80:26:80:Infinity":33,"b:81:2:83:Infinity:undefined:undefined:undefined:undefined":9,"s:81:2:83:Infinity":34,"s:82:4:82:Infinity":35,"s:86:4:86:Infinity":36,"b:86:4:86:41:86:41:86:68:86:68:86:Infinity":10,"b:88:2:90:Infinity:undefined:undefined:undefined:undefined":11,"s:88:2:90:Infinity":37,"s:89:4:89:Infinity":38,"s:92:21:97:Infinity":39,"s:99:2:103:Infinity":40,"b:100:4:102:Infinity:undefined:undefined:undefined:undefined":12,"s:100:4:102:Infinity":41,"b:100:8:100:41:100:41:100:59":13,"s:101:6:101:Infinity":42,"s:105:2:105:Infinity":43,"f:108:15:108:39":4,"s:109:16:109:Infinity":44,"s:110:16:110:Infinity":45,"s:112:2:112:Infinity":46,"s:114:2:141:Infinity":47,"s:115:4:115:Infinity":48,"b:115:24:115:47:115:47:115:Infinity":14,"s:118:25:118:Infinity":49,"b:119:4:128:Infinity:undefined:undefined:undefined:undefined":15,"s:119:4:128:Infinity":50,"s:121:19:121:Infinity":51,"b:122:6:125:Infinity:undefined:undefined:undefined:undefined":16,"s:122:6:125:Infinity":52,"s:123:8:123:Infinity":53,"s:124:8:124:Infinity":54,"s:127:6:127:Infinity":55,"s:130:4:140:Infinity":56,"s:131:6:131:Infinity":57,"s:132:6:132:Infinity":58,"b:135:6:137:Infinity:undefined:undefined:undefined:undefined":17,"s:135:6:137:Infinity":59,"b:135:10:135:59:135:59:135:81":18,"s:136:8:136:Infinity":60,"s:138:6:138:Infinity":61,"s:139:6:139:Infinity":62,"f:145:22:145:31":5,"s:146:22:146:Infinity":63,"b:148:2:150:Infinity:undefined:undefined:undefined:undefined":19,"s:148:2:150:Infinity":64,"s:149:4:149:Infinity":65,"s:153:2:153:Infinity":66,"s:156:23:156:Infinity":67,"b:157:2:159:Infinity:undefined:undefined:undefined:undefined":20,"s:157:2:159:Infinity":68,"b:157:6:157:22:157:22:157:53":21,"s:158:4:158:Infinity":69,"s:162:2:162:Infinity":70,"f:165:22:165:40":6,"s:166:8:166:Infinity":71,"s:167:16:167:Infinity":72,"b:170:2:170:Infinity:undefined:undefined:undefined:undefined":22,"s:170:2:170:Infinity":73,"s:170:25:170:Infinity":74,"s:184:20:184:Infinity":75,"s:186:2:201:Infinity":76,"s:186:15:186:18":77,"s:187:17:187:Infinity":78,"s:188:4:188:Infinity":79,"b:188:32:188:59:188:59:188:Infinity":23,"s:190:27:190:Infinity":80,"s:191:19:191:Infinity":81,"b:193:4:200:Infinity:undefined:undefined:undefined:undefined":24,"s:193:4:200:Infinity":82,"s:194:6:199:Infinity":83,"s:196:8:196:Infinity":84,"s:198:8:198:Infinity":85}}}
,"/Users/joshua/my-docs/code/elocuency-v3/apps/elo-obsidian-core-plugin/src/Infrastructure/Obsidian/Utils/ViewMode.ts": {"path":"/Users/joshua/my-docs/code/elocuency-v3/apps/elo-obsidian-core-plugin/src/Infrastructure/Obsidian/Utils/ViewMode.ts","statementMap":{"0":{"start":{"line":8,"column":4},"end":{"line":12,"column":null}},"1":{"start":{"line":9,"column":23},"end":{"line":9,"column":null}},"2":{"start":{"line":10,"column":29},"end":{"line":10,"column":null}},"3":{"start":{"line":10,"column":50},"end":{"line":10,"column":96}},"4":{"start":{"line":11,"column":8},"end":{"line":11,"column":null}},"5":{"start":{"line":14,"column":15},"end":{"line":14,"column":null}},"6":{"start":{"line":15,"column":4},"end":{"line":24,"column":null}},"7":{"start":{"line":16,"column":27},"end":{"line":16,"column":null}},"8":{"start":{"line":17,"column":8},"end":{"line":23,"column":null}},"9":{"start":{"line":18,"column":27},"end":{"line":18,"column":null}},"10":{"start":{"line":19,"column":33},"end":{"line":19,"column":null}},"11":{"start":{"line":19,"column":54},"end":{"line":19,"column":100}},"12":{"start":{"line":20,"column":12},"end":{"line":22,"column":null}},"13":{"start":{"line":21,"column":16},"end":{"line":21,"column":null}},"14":{"start":{"line":25,"column":4},"end":{"line":25,"column":null}},"15":{"start":{"line":35,"column":25},"end":{"line":35,"column":null}},"16":{"start":{"line":38,"column":4},"end":{"line":41,"column":null}},"17":{"start":{"line":39,"column":8},"end":{"line":39,"column":null}},"18":{"start":{"line":43,"column":4},"end":{"line":50,"column":null}},"19":{"start":{"line":44,"column":8},"end":{"line":44,"column":null}},"20":{"start":{"line":47,"column":8},"end":{"line":49,"column":null}},"21":{"start":{"line":48,"column":12},"end":{"line":48,"column":null}}},"fnMap":{"0":{"name":"getActiveMarkdownView","decl":{"start":{"line":7,"column":16},"end":{"line":7,"column":38}},"loc":{"start":{"line":7,"column":89},"end":{"line":26,"column":null}},"line":7},"1":{"name":"(anonymous_1)","decl":{"start":{"line":10,"column":41},"end":{"line":10,"column":50}},"loc":{"start":{"line":10,"column":50},"end":{"line":10,"column":96}},"line":10},"2":{"name":"(anonymous_2)","decl":{"start":{"line":19,"column":45},"end":{"line":19,"column":54}},"loc":{"start":{"line":19,"column":54},"end":{"line":19,"column":100}},"line":19},"3":{"name":"executeInEditMode","decl":{"start":{"line":34,"column":22},"end":{"line":34,"column":40}},"loc":{"start":{"line":34,"column":104},"end":{"line":51,"column":null}},"line":34}},"branchMap":{"0":{"loc":{"start":{"line":8,"column":4},"end":{"line":12,"column":null}},"type":"if","locations":[{"start":{"line":8,"column":4},"end":{"line":12,"column":null}},{"start":{},"end":{}}],"line":8},"1":{"loc":{"start":{"line":11,"column":15},"end":{"line":11,"column":null}},"type":"cond-expr","locations":[{"start":{"line":11,"column":31},"end":{"line":11,"column":68}},{"start":{"line":11,"column":68},"end":{"line":11,"column":null}}],"line":11},"2":{"loc":{"start":{"line":15,"column":4},"end":{"line":24,"column":null}},"type":"if","locations":[{"start":{"line":15,"column":4},"end":{"line":24,"column":null}},{"start":{},"end":{}}],"line":15},"3":{"loc":{"start":{"line":17,"column":8},"end":{"line":23,"column":null}},"type":"if","locations":[{"start":{"line":17,"column":8},"end":{"line":23,"column":null}},{"start":{},"end":{}}],"line":17},"4":{"loc":{"start":{"line":17,"column":12},"end":{"line":17,"column":57}},"type":"binary-expr","locations":[{"start":{"line":17,"column":12},"end":{"line":17,"column":26}},{"start":{"line":17,"column":26},"end":{"line":17,"column":57}}],"line":17},"5":{"loc":{"start":{"line":20,"column":12},"end":{"line":22,"column":null}},"type":"if","locations":[{"start":{"line":20,"column":12},"end":{"line":22,"column":null}},{"start":{},"end":{}}],"line":20},"6":{"loc":{"start":{"line":38,"column":4},"end":{"line":41,"column":null}},"type":"if","locations":[{"start":{"line":38,"column":4},"end":{"line":41,"column":null}},{"start":{},"end":{}}],"line":38},"7":{"loc":{"start":{"line":47,"column":8},"end":{"line":49,"column":null}},"type":"if","locations":[{"start":{"line":47,"column":8},"end":{"line":49,"column":null}},{"start":{},"end":{}}],"line":47},"8":{"loc":{"start":{"line":47,"column":12},"end":{"line":47,"column":71}},"type":"binary-expr","locations":[{"start":{"line":47,"column":12},"end":{"line":47,"column":41}},{"start":{"line":47,"column":41},"end":{"line":47,"column":71}}],"line":47}},"s":{"0":10,"1":2,"2":2,"3":1,"4":2,"5":8,"6":8,"7":2,"8":2,"9":1,"10":1,"11":1,"12":1,"13":1,"14":8,"15":8,"16":8,"17":7,"18":8,"19":8,"20":8,"21":7},"f":{"0":10,"1":1,"2":1,"3":8},"b":{"0":[2,8],"1":[1,1],"2":[2,6],"3":[1,1],"4":[2,1],"5":[1,0],"6":[7,1],"7":[7,1],"8":[8,7]},"meta":{"lastBranch":9,"lastFunction":4,"lastStatement":22,"seen":{"f:7:16:7:38":0,"b:8:4:12:Infinity:undefined:undefined:undefined:undefined":0,"s:8:4:12:Infinity":0,"s:9:23:9:Infinity":1,"s:10:29:10:Infinity":2,"f:10:41:10:50":1,"s:10:50:10:96":3,"s:11:8:11:Infinity":4,"b:11:31:11:68:11:68:11:Infinity":1,"s:14:15:14:Infinity":5,"b:15:4:24:Infinity:undefined:undefined:undefined:undefined":2,"s:15:4:24:Infinity":6,"s:16:27:16:Infinity":7,"b:17:8:23:Infinity:undefined:undefined:undefined:undefined":3,"s:17:8:23:Infinity":8,"b:17:12:17:26:17:26:17:57":4,"s:18:27:18:Infinity":9,"s:19:33:19:Infinity":10,"f:19:45:19:54":2,"s:19:54:19:100":11,"b:20:12:22:Infinity:undefined:undefined:undefined:undefined":5,"s:20:12:22:Infinity":12,"s:21:16:21:Infinity":13,"s:25:4:25:Infinity":14,"f:34:22:34:40":3,"s:35:25:35:Infinity":15,"b:38:4:41:Infinity:undefined:undefined:undefined:undefined":6,"s:38:4:41:Infinity":16,"s:39:8:39:Infinity":17,"s:43:4:50:Infinity":18,"s:44:8:44:Infinity":19,"b:47:8:49:Infinity:undefined:undefined:undefined:undefined":7,"s:47:8:49:Infinity":20,"b:47:12:47:41:47:41:47:71":8,"s:48:12:48:Infinity":21}}}
,"/Users/joshua/my-docs/code/elocuency-v3/apps/elo-obsidian-core-plugin/src/Infrastructure/Obsidian/Views/Modals/GenericFuzzySuggestModal.ts": {"path":"/Users/joshua/my-docs/code/elocuency-v3/apps/elo-obsidian-core-plugin/src/Infrastructure/Obsidian/Views/Modals/GenericFuzzySuggestModal.ts","statementMap":{"0":{"start":{"line":14,"column":8},"end":{"line":14,"column":null}},"1":{"start":{"line":8,"column":16},"end":{"line":8,"column":null}},"2":{"start":{"line":9,"column":16},"end":{"line":9,"column":null}},"3":{"start":{"line":10,"column":16},"end":{"line":10,"column":null}},"4":{"start":{"line":11,"column":16},"end":{"line":11,"column":null}},"5":{"start":{"line":4,"column":4},"end":{"line":4,"column":null}},"6":{"start":{"line":15,"column":8},"end":{"line":17,"column":null}},"7":{"start":{"line":16,"column":12},"end":{"line":16,"column":null}},"8":{"start":{"line":21,"column":8},"end":{"line":21,"column":null}},"9":{"start":{"line":25,"column":8},"end":{"line":25,"column":null}},"10":{"start":{"line":29,"column":8},"end":{"line":29,"column":null}},"11":{"start":{"line":30,"column":8},"end":{"line":30,"column":null}},"12":{"start":{"line":34,"column":8},"end":{"line":34,"column":null}},"13":{"start":{"line":35,"column":8},"end":{"line":35,"column":null}},"14":{"start":{"line":36,"column":8},"end":{"line":36,"column":null}},"15":{"start":{"line":40,"column":8},"end":{"line":42,"column":null}},"16":{"start":{"line":41,"column":12},"end":{"line":41,"column":null}}},"fnMap":{"0":{"name":"(anonymous_0)","decl":{"start":{"line":6,"column":4},"end":{"line":6,"column":null}},"loc":{"start":{"line":13,"column":6},"end":{"line":18,"column":null}},"line":13},"1":{"name":"(anonymous_1)","decl":{"start":{"line":20,"column":4},"end":{"line":20,"column":20}},"loc":{"start":{"line":20,"column":20},"end":{"line":22,"column":null}},"line":20},"2":{"name":"(anonymous_2)","decl":{"start":{"line":24,"column":4},"end":{"line":24,"column":16}},"loc":{"start":{"line":24,"column":33},"end":{"line":26,"column":null}},"line":24},"3":{"name":"(anonymous_3)","decl":{"start":{"line":28,"column":4},"end":{"line":28,"column":21}},"loc":{"start":{"line":28,"column":82},"end":{"line":31,"column":null}},"line":28},"4":{"name":"(anonymous_4)","decl":{"start":{"line":33,"column":4},"end":{"line":33,"column":17}},"loc":{"start":{"line":33,"column":65},"end":{"line":37,"column":null}},"line":33},"5":{"name":"(anonymous_5)","decl":{"start":{"line":39,"column":4},"end":{"line":39,"column":20}},"loc":{"start":{"line":39,"column":20},"end":{"line":43,"column":null}},"line":39}},"branchMap":{"0":{"loc":{"start":{"line":15,"column":8},"end":{"line":17,"column":null}},"type":"if","locations":[{"start":{"line":15,"column":8},"end":{"line":17,"column":null}},{"start":{},"end":{}}],"line":15},"1":{"loc":{"start":{"line":40,"column":8},"end":{"line":42,"column":null}},"type":"if","locations":[{"start":{"line":40,"column":8},"end":{"line":42,"column":null}},{"start":{},"end":{}}],"line":40}},"s":{"0":7,"1":7,"2":7,"3":7,"4":7,"5":7,"6":7,"7":7,"8":1,"9":1,"10":1,"11":1,"12":1,"13":1,"14":1,"15":2,"16":1},"f":{"0":7,"1":1,"2":1,"3":1,"4":1,"5":2},"b":{"0":[7,0],"1":[1,1]},"meta":{"lastBranch":2,"lastFunction":6,"lastStatement":17,"seen":{"f:6:4:6:Infinity":0,"s:14:8:14:Infinity":0,"s:8:16:8:Infinity":1,"s:9:16:9:Infinity":2,"s:10:16:10:Infinity":3,"s:11:16:11:Infinity":4,"s:4:4:4:Infinity":5,"b:15:8:17:Infinity:undefined:undefined:undefined:undefined":0,"s:15:8:17:Infinity":6,"s:16:12:16:Infinity":7,"f:20:4:20:20":1,"s:21:8:21:Infinity":8,"f:24:4:24:16":2,"s:25:8:25:Infinity":9,"f:28:4:28:21":3,"s:29:8:29:Infinity":10,"s:30:8:30:Infinity":11,"f:33:4:33:17":4,"s:34:8:34:Infinity":12,"s:35:8:35:Infinity":13,"s:36:8:36:Infinity":14,"f:39:4:39:20":5,"b:40:8:42:Infinity:undefined:undefined:undefined:undefined":1,"s:40:8:42:Infinity":15,"s:41:12:41:Infinity":16}}}
}
