TN:
SF:src/Application/Services/HeaderDataService.ts
FN:4,(anonymous_0)
FN:6,(anonymous_1)
FN:10,(anonymous_2)
FN:14,(anonymous_3)
FN:15,(anonymous_4)
FN:18,(anonymous_5)
FNF:6
FNH:6
FNDA:5,(anonymous_0)
FNDA:1,(anonymous_1)
FNDA:1,(anonymous_2)
FNDA:3,(anonymous_3)
FNDA:4,(anonymous_4)
FNDA:4,(anonymous_5)
DA:4,5
DA:7,1
DA:11,1
DA:15,4
DA:16,3
DA:18,4
LF:6
LH:6
BRF:0
BRH:0
end_of_record
TN:
SF:src/Application/Services/HeaderEvaluationService.ts
FN:6,(anonymous_0)
FN:11,(anonymous_1)
FNF:2
FNH:2
FNDA:5,(anonymous_0)
FNDA:5,(anonymous_1)
DA:7,5
DA:8,5
DA:12,5
DA:13,1
DA:16,4
DA:17,4
DA:18,1
DA:21,3
DA:22,3
DA:23,3
DA:25,3
DA:26,4
DA:27,4
DA:28,4
DA:29,4
DA:30,1
DA:33,4
DA:34,4
DA:36,4
DA:38,4
DA:40,3
DA:42,3
DA:43,3
DA:45,3
DA:46,2
DA:50,2
DA:61,1
DA:65,3
LF:28
LH:28
BRDA:12,0,0,1
BRDA:12,0,1,4
BRDA:17,1,0,1
BRDA:17,1,1,3
BRDA:17,2,0,4
BRDA:17,2,1,4
BRDA:29,3,0,1
BRDA:29,3,1,3
BRDA:40,4,0,3
BRDA:40,4,1,0
BRDA:40,5,0,3
BRDA:40,5,1,3
BRDA:40,5,2,3
BRDA:43,6,0,2
BRDA:43,6,1,1
BRDA:45,7,0,2
BRDA:45,7,1,1
BRF:17
BRH:16
end_of_record
TN:
SF:src/Application/Services/ImageEnricherService.ts
FN:5,(anonymous_0)
FN:15,(anonymous_1)
FNF:2
FNH:2
FNDA:3,(anonymous_0)
FNDA:3,(anonymous_1)
DA:5,3
DA:16,3
DA:18,3
DA:19,3
DA:20,2
DA:22,2
DA:23,1
DA:24,1
DA:27,1
DA:28,1
DA:30,1
DA:31,1
DA:32,1
LF:13
LH:13
BRDA:15,0,0,3
BRDA:22,1,0,1
BRDA:22,1,1,1
BRF:3
BRH:3
end_of_record
TN:
SF:src/Application/Services/PersonasNoteOrganizer.ts
FN:5,(anonymous_0)
FN:10,(anonymous_1)
FN:17,(anonymous_2)
FN:71,(anonymous_3)
FNF:4
FNH:4
FNDA:11,(anonymous_0)
FNDA:6,(anonymous_1)
FNDA:7,(anonymous_2)
FNDA:15,(anonymous_3)
DA:6,11
DA:7,11
DA:13,6
DA:17,7
DA:19,6
DA:20,1
DA:23,5
DA:24,5
DA:27,5
DA:28,5
DA:29,5
DA:30,5
DA:32,5
DA:34,1
DA:40,4
DA:42,4
DA:43,4
DA:44,1
DA:46,4
DA:47,1
DA:51,4
DA:53,4
DA:55,4
DA:57,4
DA:58,1
DA:61,3
DA:62,3
DA:63,3
DA:64,2
DA:66,1
DA:67,1
DA:72,15
DA:74,15
DA:75,6
DA:76,9
DA:77,1
DA:78,1
DA:79,1
DA:83,15
DA:84,7
DA:87,8
LF:41
LH:41
BRDA:19,0,0,1
BRDA:19,0,1,5
BRDA:32,1,0,1
BRDA:32,1,1,4
BRDA:43,2,0,1
BRDA:43,2,1,3
BRDA:46,3,0,1
BRDA:46,3,1,3
BRDA:57,4,0,1
BRDA:57,4,1,3
BRDA:74,5,0,6
BRDA:74,5,1,9
BRDA:76,6,0,1
BRDA:76,6,1,8
BRDA:76,7,0,9
BRDA:76,7,1,1
BRDA:78,8,0,1
BRDA:78,8,1,0
BRDA:83,9,0,7
BRDA:83,9,1,8
BRF:20
BRH:19
end_of_record
TN:
SF:src/Application/Services/QuizService.ts
FN:14,(anonymous_0)
FN:21,(anonymous_1)
FN:46,(anonymous_2)
FN:66,(anonymous_3)
FN:174,(anonymous_4)
FN:178,(anonymous_5)
FN:182,(anonymous_6)
FNF:7
FNH:7
FNDA:11,(anonymous_0)
FNDA:4,(anonymous_1)
FNDA:2,(anonymous_2)
FNDA:6,(anonymous_3)
FNDA:2,(anonymous_4)
FNDA:5,(anonymous_5)
FNDA:3,(anonymous_6)
DA:9,11
DA:10,11
DA:11,11
DA:12,11
DA:15,11
DA:16,11
DA:17,11
DA:18,11
DA:22,4
DA:24,2
DA:25,2
DA:27,2
DA:28,2
DA:29,2
DA:30,4
DA:32,4
DA:33,4
DA:34,2
DA:35,2
DA:38,2
DA:43,2
DA:47,2
DA:48,2
DA:50,1
DA:51,1
DA:53,1
DA:54,1
DA:55,1
DA:60,1
DA:63,1
DA:67,6
DA:68,6
DA:69,2
DA:70,2
DA:73,4
DA:74,4
DA:76,4
DA:78,4
DA:80,4
DA:81,4
DA:82,4
DA:83,4
DA:85,6
DA:86,12
DA:87,12
DA:88,12
DA:89,8
DA:90,8
DA:91,8
DA:92,8
DA:97,8
DA:99,8
DA:100,6
DA:101,4
DA:104,2
DA:105,2
DA:106,2
DA:110,1
DA:115,8
DA:122,5
DA:123,5
DA:125,5
DA:126,6
DA:127,6
DA:128,4
DA:129,4
DA:130,3
DA:132,4
DA:133,4
DA:137,5
DA:138,1
DA:141,4
DA:142,4
DA:152,4
DA:153,4
DA:155,6
DA:157,1
DA:159,1
DA:165,1
DA:170,4
DA:171,4
DA:175,2
DA:179,5
DA:183,3
DA:184,2
LF:85
LH:85
BRDA:22,0,0,2
BRDA:22,0,1,2
BRDA:22,1,0,4
BRDA:22,1,1,3
BRDA:25,2,0,0
BRDA:25,2,1,2
BRDA:29,3,0,2
BRDA:29,3,1,0
BRDA:30,4,0,4
BRDA:30,4,1,0
BRDA:33,5,0,2
BRDA:33,5,1,2
BRDA:48,6,0,1
BRDA:48,6,1,1
BRDA:51,7,0,0
BRDA:51,7,1,1
BRDA:63,8,0,0
BRDA:63,8,1,1
BRDA:68,9,0,2
BRDA:68,9,1,4
BRDA:68,10,0,6
BRDA:68,10,1,5
BRDA:74,11,0,0
BRDA:74,11,1,4
BRDA:83,12,0,4
BRDA:83,12,1,3
BRDA:88,13,0,8
BRDA:88,13,1,4
BRDA:92,14,0,2
BRDA:92,14,1,6
BRDA:99,15,0,6
BRDA:99,15,1,2
BRDA:100,16,0,4
BRDA:100,16,1,2
BRDA:100,17,0,6
BRDA:100,17,1,3
BRDA:104,18,0,2
BRDA:104,18,1,0
BRDA:104,19,0,2
BRDA:104,19,1,2
BRDA:106,20,0,1
BRDA:106,20,1,1
BRDA:107,21,0,2
BRDA:107,21,1,2
BRDA:115,22,0,5
BRDA:115,22,1,3
BRDA:127,23,0,4
BRDA:127,23,1,2
BRDA:129,24,0,3
BRDA:129,24,1,1
BRDA:137,25,0,1
BRDA:137,25,1,4
BRDA:137,26,0,5
BRDA:137,26,1,3
BRDA:144,27,0,1
BRDA:144,27,1,3
BRDA:153,28,0,3
BRDA:153,28,1,1
BRDA:155,29,0,1
BRDA:155,29,1,5
BRDA:183,30,0,2
BRDA:183,30,1,1
BRF:62
BRH:55
end_of_record
TN:
SF:src/Application/Services/RolesService.ts
FN:7,(anonymous_0)
FN:9,(anonymous_1)
FNF:2
FNH:2
FNDA:1,(anonymous_0)
FNDA:1,(anonymous_1)
DA:7,1
DA:10,1
LF:2
LH:2
BRF:0
BRH:0
end_of_record
TN:
SF:src/Application/UseCases/ApplyTemplateUseCase.ts
FN:20,(anonymous_0)
FN:31,(anonymous_1)
FN:52,(anonymous_2)
FN:65,(anonymous_3)
FN:207,(anonymous_4)
FNF:5
FNH:5
FNDA:15,(anonymous_0)
FNDA:15,(anonymous_1)
FNDA:4,(anonymous_2)
FNDA:11,(anonymous_3)
FNDA:11,(anonymous_4)
DA:21,15
DA:22,15
DA:23,15
DA:24,15
DA:25,15
DA:26,15
DA:27,15
DA:28,15
DA:32,15
DA:34,15
DA:35,15
DA:36,1
DA:37,1
DA:40,14
DA:42,14
DA:43,2
DA:44,2
DA:47,12
DA:48,12
DA:49,10
DA:51,2
DA:52,4
DA:57,12
DA:58,1
DA:59,1
DA:62,11
DA:70,11
DA:71,11
DA:73,11
DA:75,11
DA:76,11
DA:81,11
DA:82,11
DA:83,11
DA:87,11
DA:88,11
DA:92,11
DA:96,11
DA:97,11
DA:98,11
DA:99,2
DA:100,2
DA:101,2
DA:103,1
DA:104,1
DA:109,11
DA:110,11
DA:111,11
DA:119,11
DA:121,11
DA:122,11
DA:123,7
DA:124,7
DA:127,11
DA:133,11
DA:138,2
DA:139,2
DA:140,2
DA:141,2
DA:142,1
DA:143,1
DA:149,1
DA:153,11
DA:154,7
DA:159,11
DA:164,11
DA:165,11
DA:166,11
DA:169,11
DA:177,11
DA:188,11
DA:189,1
DA:192,1
DA:196,11
DA:197,1
DA:198,1
DA:199,1
DA:201,1
DA:215,11
DA:216,11
DA:217,11
DA:218,11
LF:82
LH:82
BRDA:35,0,0,1
BRDA:35,0,1,14
BRDA:42,1,0,2
BRDA:42,1,1,12
BRDA:48,2,0,10
BRDA:48,2,1,2
BRDA:57,3,0,1
BRDA:57,3,1,11
BRDA:76,4,0,0
BRDA:76,4,1,11
BRDA:92,5,0,11
BRDA:92,5,1,10
BRDA:92,5,2,4
BRDA:92,5,3,9
BRDA:96,6,0,11
BRDA:96,6,1,0
BRDA:98,7,0,2
BRDA:98,7,1,9
BRDA:109,8,0,11
BRDA:109,8,1,0
BRDA:110,9,0,11
BRDA:110,9,1,0
BRDA:121,10,0,11
BRDA:121,10,1,0
BRDA:122,11,0,7
BRDA:122,11,1,4
BRDA:133,12,0,2
BRDA:133,12,1,9
BRDA:134,13,0,11
BRDA:134,13,1,7
BRDA:134,13,2,2
BRDA:138,14,0,2
BRDA:138,14,1,0
BRDA:139,15,0,2
BRDA:139,15,1,0
BRDA:142,16,0,1
BRDA:142,16,1,0
BRDA:153,17,0,7
BRDA:153,17,1,4
BRDA:159,18,0,11
BRDA:159,18,1,0
BRDA:159,19,0,11
BRDA:159,19,1,11
BRDA:161,20,0,0
BRDA:161,20,1,0
BRDA:164,21,0,7
BRDA:164,21,1,4
BRDA:172,22,0,11
BRDA:172,22,1,4
BRDA:177,23,0,7
BRDA:177,23,1,4
BRDA:188,24,0,1
BRDA:188,24,1,10
BRDA:189,25,0,1
BRDA:189,25,1,0
BRDA:196,26,0,1
BRDA:196,26,1,10
BRDA:215,27,0,4
BRDA:215,27,1,7
BRF:59
BRH:47
end_of_record
TN:
SF:src/Application/UseCases/ImproveNoteWithAiUseCase.ts
FN:17,(anonymous_0)
FN:22,(anonymous_1)
FN:45,(anonymous_2)
FN:88,(anonymous_3)
FN:120,(anonymous_4)
FN:127,(anonymous_5)
FN:147,(anonymous_6)
FN:162,(anonymous_7)
FNF:8
FNH:8
FNDA:12,(anonymous_0)
FNDA:12,(anonymous_1)
FNDA:10,(anonymous_2)
FNDA:11,(anonymous_3)
FNDA:10,(anonymous_4)
FNDA:470,(anonymous_5)
FNDA:3,(anonymous_6)
FNDA:3,(anonymous_7)
DA:18,12
DA:19,12
DA:23,12
DA:25,12
DA:26,12
DA:27,12
DA:29,12
DA:30,12
DA:32,12
DA:33,12
DA:36,12
DA:37,12
DA:38,3
DA:39,3
DA:43,12
DA:44,8
DA:45,10
DA:46,8
DA:49,12
DA:50,1
DA:51,1
DA:54,11
DA:56,11
DA:59,11
DA:60,11
DA:61,11
DA:63,11
DA:65,11
DA:67,11
DA:68,10
DA:69,10
DA:70,10
DA:75,10
DA:79,10
DA:81,10
DA:82,10
DA:84,1
DA:89,11
DA:94,11
DA:95,2
DA:96,1
DA:98,1
DA:102,11
DA:109,11
DA:110,1
DA:113,11
DA:117,11
DA:121,10
DA:123,10
DA:124,10
DA:127,10
DA:128,470
DA:131,10
DA:132,5
DA:133,5
DA:136,5
DA:137,3
DA:140,5
DA:141,5
DA:143,5
DA:144,2
DA:145,1
DA:146,1
DA:147,1
DA:148,3
DA:149,2
DA:151,1
DA:156,5
DA:159,10
DA:163,3
DA:164,3
DA:165,1
DA:167,2
LF:73
LH:73
BRDA:22,0,0,12
BRDA:27,1,0,12
BRDA:27,1,1,3
BRDA:37,2,0,3
BRDA:37,2,1,9
BRDA:37,3,0,12
BRDA:37,3,1,3
BRDA:43,4,0,8
BRDA:43,4,1,4
BRDA:43,5,0,12
BRDA:43,5,1,9
BRDA:49,6,0,1
BRDA:49,6,1,11
BRDA:67,7,0,10
BRDA:67,7,1,1
BRDA:68,8,0,10
BRDA:68,8,1,5
BRDA:75,9,0,10
BRDA:75,9,1,0
BRDA:94,10,0,2
BRDA:94,10,1,9
BRDA:95,11,0,1
BRDA:95,11,1,1
BRDA:109,12,0,1
BRDA:109,12,1,10
BRDA:121,13,0,0
BRDA:121,13,1,10
BRDA:136,14,0,3
BRDA:136,14,1,2
BRDA:143,15,0,2
BRDA:143,15,1,3
BRDA:143,16,0,5
BRDA:143,16,1,3
BRDA:144,17,0,1
BRDA:144,17,1,1
BRDA:146,18,0,1
BRDA:146,18,1,0
BRDA:148,19,0,2
BRDA:148,19,1,1
BRDA:164,20,0,1
BRDA:164,20,1,2
BRDA:164,21,0,3
BRDA:164,21,1,1
BRF:43
BRH:40
end_of_record
TN:
SF:src/Domain/Utils/Strings.ts
FN:1,capitalize
FN:6,levenshtein
FN:39,similarity
FNF:3
FNH:3
FNDA:5,capitalize
FNDA:12,levenshtein
FNDA:6,similarity
DA:2,5
DA:3,4
DA:7,12
DA:10,12
DA:11,56
DA:15,12
DA:16,57
DA:20,12
DA:21,44
DA:22,178
DA:23,45
DA:25,133
DA:36,12
DA:40,6
DA:41,6
DA:42,6
DA:44,6
DA:45,1
DA:48,5
LF:19
LH:19
BRDA:2,0,0,1
BRDA:2,0,1,4
BRDA:22,1,0,45
BRDA:22,1,1,133
BRDA:40,2,0,1
BRDA:40,2,1,5
BRDA:41,3,0,1
BRDA:41,3,1,5
BRDA:44,4,0,1
BRDA:44,4,1,5
BRF:10
BRH:10
end_of_record
TN:
SF:src/Infrastructure/Adapters/Obsidian/ObsidianCommandExecutorAdapter.ts
FN:7,(anonymous_0)
FN:9,(anonymous_1)
FNF:2
FNH:2
FNDA:11,(anonymous_0)
FNDA:6,(anonymous_1)
DA:7,11
DA:10,6
DA:11,6
DA:13,6
DA:14,1
DA:15,1
DA:18,6
DA:19,5
DA:20,5
DA:21,5
DA:22,2
DA:23,3
DA:25,1
DA:26,1
DA:27,1
DA:28,1
DA:30,0
DA:32,2
DA:33,1
DA:35,1
DA:38,1
DA:39,1
DA:42,1
DA:43,1
LF:24
LH:23
BRDA:13,0,0,1
BRDA:13,0,1,5
BRDA:18,1,0,5
BRDA:18,1,1,1
BRDA:21,2,0,2
BRDA:21,2,1,3
BRDA:23,3,0,1
BRDA:23,3,1,2
BRDA:27,4,0,1
BRDA:27,4,1,0
BRDA:27,5,0,1
BRDA:27,5,1,1
BRDA:32,6,0,1
BRDA:32,6,1,1
BRF:14
BRH:13
end_of_record
TN:
SF:src/Infrastructure/Adapters/Obsidian/ObsidianContextAdapter.ts
FN:5,(anonymous_0)
FN:7,(anonymous_1)
FN:12,(anonymous_2)
FN:16,(anonymous_3)
FN:40,(anonymous_4)
FN:52,(anonymous_5)
FN:126,(anonymous_6)
FN:147,(anonymous_7)
FNF:8
FNH:8
FNDA:8,(anonymous_0)
FNDA:4,(anonymous_1)
FNDA:3,(anonymous_2)
FNDA:2,(anonymous_3)
FNDA:3,(anonymous_4)
FNDA:2,(anonymous_5)
FNDA:2,(anonymous_6)
FNDA:1,(anonymous_7)
DA:5,8
DA:9,4
DA:13,3
DA:14,3
DA:16,3
DA:17,2
DA:18,2
DA:20,3
DA:22,2
DA:23,2
DA:25,2
DA:26,2
DA:29,2
DA:30,2
DA:31,2
DA:32,1
DA:33,1
DA:37,2
DA:41,3
DA:42,3
DA:44,3
DA:45,3
DA:47,3
DA:49,3
DA:51,1
DA:52,1
DA:53,2
DA:59,2
DA:60,2
DA:63,3
DA:65,3
DA:66,3
DA:68,3
DA:69,3
DA:72,3
DA:73,3
DA:76,3
DA:77,3
DA:79,3
DA:81,1
DA:83,1
DA:84,1
DA:85,2
DA:87,1
DA:91,3
DA:93,3
DA:95,3
DA:97,3
DA:98,3
DA:99,3
DA:100,3
DA:101,3
DA:103,3
DA:105,1
DA:106,1
DA:109,2
DA:112,3
DA:113,3
DA:116,0
DA:120,0
DA:124,3
DA:127,2
DA:129,2
DA:130,2
DA:131,2
DA:133,2
DA:135,2
DA:138,2
DA:141,2
DA:142,1
DA:146,2
DA:147,1
DA:150,2
DA:151,2
DA:152,2
DA:153,2
DA:155,0
DA:158,0
DA:162,2
LF:79
LH:75
BRDA:14,0,0,0
BRDA:14,0,1,3
BRDA:14,1,0,3
BRDA:14,1,1,3
BRDA:20,2,0,1
BRDA:20,2,1,2
BRDA:31,3,0,1
BRDA:31,3,1,1
BRDA:42,4,0,0
BRDA:42,4,1,3
BRDA:45,5,0,0
BRDA:45,5,1,3
BRDA:49,6,0,1
BRDA:49,6,1,2
BRDA:51,7,0,1
BRDA:51,7,1,0
BRDA:53,8,0,2
BRDA:53,8,1,2
BRDA:59,9,0,2
BRDA:59,9,1,0
BRDA:60,10,0,0
BRDA:60,10,1,2
BRDA:63,11,0,0
BRDA:63,11,1,3
BRDA:79,12,0,1
BRDA:79,12,1,2
BRDA:83,13,0,0
BRDA:83,13,1,1
BRDA:85,14,0,1
BRDA:85,14,1,1
BRDA:93,15,0,3
BRDA:93,15,1,0
BRDA:93,16,0,3
BRDA:93,16,1,3
BRDA:95,17,0,1
BRDA:95,17,1,2
BRDA:97,18,0,3
BRDA:97,18,1,0
BRDA:103,19,0,1
BRDA:103,19,1,2
BRDA:112,20,0,3
BRDA:112,20,1,0
BRDA:127,21,0,0
BRDA:127,21,1,2
BRDA:131,22,0,2
BRDA:131,22,1,2
BRDA:141,23,0,1
BRDA:141,23,1,1
BRDA:146,24,0,1
BRDA:146,24,1,1
BRDA:147,25,0,1
BRDA:147,25,1,0
BRDA:150,26,0,2
BRDA:150,26,1,0
BRDA:150,27,0,2
BRDA:150,27,1,2
BRDA:150,27,2,2
BRF:57
BRH:43
end_of_record
TN:
SF:src/Infrastructure/Adapters/Obsidian/ObsidianEditorAdapter.ts
FN:6,(anonymous_0)
FN:8,(anonymous_1)
FN:12,(anonymous_2)
FN:16,(anonymous_3)
FN:20,(anonymous_4)
FN:24,(anonymous_5)
FN:28,(anonymous_6)
FN:32,(anonymous_7)
FN:36,(anonymous_8)
FN:41,(anonymous_9)
FN:45,(anonymous_10)
FNF:11
FNH:11
FNDA:14,(anonymous_0)
FNDA:14,(anonymous_1)
FNDA:1,(anonymous_2)
FNDA:1,(anonymous_3)
FNDA:2,(anonymous_4)
FNDA:1,(anonymous_5)
FNDA:4,(anonymous_6)
FNDA:4,(anonymous_7)
FNDA:1,(anonymous_8)
FNDA:5,(anonymous_9)
FNDA:2,(anonymous_10)
DA:6,14
DA:9,14
DA:13,1
DA:17,1
DA:21,2
DA:25,1
DA:29,4
DA:33,4
DA:37,1
DA:38,1
DA:42,5
DA:46,2
LF:12
LH:12
BRDA:42,0,0,5
BRDA:42,0,1,1
BRDA:46,1,0,2
BRDA:46,1,1,1
BRF:4
BRH:4
end_of_record
TN:
SF:src/Infrastructure/Adapters/Obsidian/ObsidianImageServiceAdapter.ts
FN:6,(anonymous_0)
FN:8,(anonymous_1)
FNF:2
FNH:2
FNDA:6,(anonymous_0)
FNDA:1,(anonymous_1)
DA:6,6
DA:9,1
LF:2
LH:2
BRF:0
BRH:0
end_of_record
TN:
SF:src/Infrastructure/Adapters/Obsidian/ObsidianMetadataAdapter.ts
FN:6,(anonymous_0)
FN:8,(anonymous_1)
FN:43,(anonymous_2)
FN:65,(anonymous_3)
FN:73,(anonymous_4)
FN:80,(anonymous_5)
FN:101,(anonymous_6)
FN:111,(anonymous_7)
FN:127,(anonymous_8)
FNF:9
FNH:9
FNDA:15,(anonymous_0)
FNDA:4,(anonymous_1)
FNDA:3,(anonymous_2)
FNDA:2,(anonymous_3)
FNDA:1,(anonymous_4)
FNDA:3,(anonymous_5)
FNDA:12,(anonymous_6)
FNDA:4,(anonymous_7)
FNDA:4,(anonymous_8)
DA:6,15
DA:9,4
DA:10,4
DA:11,2
DA:12,2
DA:14,2
DA:17,4
DA:19,3
DA:20,3
DA:22,3
DA:23,3
DA:24,3
DA:25,3
DA:27,1
DA:31,3
DA:32,2
DA:35,3
DA:40,3
DA:44,3
DA:45,3
DA:47,3
DA:48,2
DA:49,2
DA:50,2
DA:51,2
DA:52,1
DA:55,1
DA:58,2
DA:66,2
DA:67,2
DA:68,1
DA:70,1
DA:74,1
DA:81,3
DA:82,3
DA:85,3
DA:86,3
DA:87,3
DA:88,3
DA:89,3
DA:90,2
DA:93,1
DA:94,1
DA:99,3
DA:100,3
DA:101,3
DA:102,12
DA:105,3
DA:106,4
DA:107,3
DA:108,3
DA:110,1
DA:111,1
DA:112,4
DA:113,3
DA:114,3
DA:117,1
DA:122,3
DA:123,3
DA:128,4
DA:130,3
DA:131,3
DA:133,3
DA:134,2
DA:135,2
DA:137,1
LF:66
LH:66
BRDA:10,0,0,2
BRDA:10,0,1,2
BRDA:12,1,0,1
BRDA:12,1,1,1
BRDA:17,2,0,1
BRDA:17,2,1,3
BRDA:22,3,0,3
BRDA:22,3,1,0
BRDA:31,4,0,2
BRDA:31,4,1,1
BRDA:44,5,0,3
BRDA:44,5,1,0
BRDA:47,6,0,2
BRDA:47,6,1,1
BRDA:51,7,0,1
BRDA:51,7,1,1
BRDA:51,8,0,2
BRDA:51,8,1,1
BRDA:67,9,0,1
BRDA:67,9,1,1
BRDA:85,10,0,3
BRDA:85,10,1,0
BRDA:89,11,0,2
BRDA:89,11,1,1
BRDA:89,12,0,3
BRDA:89,12,1,2
BRDA:106,13,0,3
BRDA:106,13,1,1
BRDA:112,14,0,3
BRDA:112,14,1,1
BRDA:117,15,0,1
BRDA:117,15,1,0
BRDA:122,16,0,3
BRDA:122,16,1,0
BRDA:128,17,0,1
BRDA:128,17,1,3
BRDA:133,18,0,2
BRDA:133,18,1,1
BRF:38
BRH:33
end_of_record
TN:
SF:src/Infrastructure/Adapters/Obsidian/ObsidianNetworkAdapter.ts
FN:5,(anonymous_0)
FNF:1
FNH:1
FNDA:3,(anonymous_0)
DA:6,3
DA:7,3
DA:8,2
DA:10,1
DA:11,1
LF:5
LH:5
BRF:0
BRH:0
end_of_record
TN:
SF:src/Infrastructure/Adapters/Obsidian/ObsidianNoteManager.ts
FN:7,(anonymous_0)
FN:9,(anonymous_1)
FN:15,(anonymous_2)
FN:21,(anonymous_3)
FN:29,(anonymous_4)
FN:38,(anonymous_5)
FN:46,(anonymous_6)
FN:47,(anonymous_7)
FN:61,(anonymous_8)
FN:65,(anonymous_9)
FN:75,(anonymous_10)
FN:87,(anonymous_11)
FNF:12
FNH:12
FNDA:23,(anonymous_0)
FNDA:2,(anonymous_1)
FNDA:2,(anonymous_2)
FNDA:2,(anonymous_3)
FNDA:1,(anonymous_4)
FNDA:3,(anonymous_5)
FNDA:2,(anonymous_6)
FNDA:4,(anonymous_7)
FNDA:1,(anonymous_8)
FNDA:3,(anonymous_9)
FNDA:1,(anonymous_10)
FNDA:1,(anonymous_11)
DA:7,23
DA:10,2
DA:11,2
DA:12,1
DA:16,2
DA:17,2
DA:18,1
DA:22,2
DA:23,2
DA:24,1
DA:26,1
DA:30,1
DA:31,1
DA:32,0
DA:33,0
DA:35,1
DA:39,3
DA:40,3
DA:41,3
DA:42,1
DA:47,4
DA:48,2
DA:50,2
DA:51,2
DA:52,4
DA:53,4
DA:54,4
DA:55,4
DA:56,3
DA:62,1
DA:67,3
DA:68,3
DA:69,2
DA:70,2
DA:72,1
DA:80,1
DA:81,1
DA:82,0
DA:83,0
DA:88,1
LF:40
LH:36
BRDA:11,0,0,1
BRDA:11,0,1,1
BRDA:17,1,0,1
BRDA:17,1,1,1
BRDA:23,2,0,1
BRDA:23,2,1,1
BRDA:31,3,0,0
BRDA:31,3,1,1
BRDA:39,4,0,3
BRDA:39,4,1,0
BRDA:41,5,0,1
BRDA:41,5,1,2
BRDA:48,6,0,0
BRDA:48,6,1,2
BRDA:52,7,0,2
BRDA:52,7,1,2
BRDA:55,8,0,3
BRDA:55,8,1,1
BRDA:68,9,0,2
BRDA:68,9,1,1
BRDA:70,10,0,2
BRDA:70,10,1,1
BRDA:81,11,0,0
BRDA:81,11,1,1
BRF:24
BRH:20
end_of_record
TN:
SF:src/Infrastructure/Adapters/Obsidian/ObsidianNoteRepositoryAdapter.ts
FN:13,(anonymous_0)
FN:15,(anonymous_1)
FN:31,(anonymous_2)
FN:45,(anonymous_3)
FN:60,(anonymous_4)
FN:67,(anonymous_5)
FN:76,(anonymous_6)
FN:94,(anonymous_7)
FN:99,(anonymous_8)
FNF:9
FNH:9
FNDA:17,(anonymous_0)
FNDA:11,(anonymous_1)
FNDA:6,(anonymous_2)
FNDA:2,(anonymous_3)
FNDA:2,(anonymous_4)
FNDA:1,(anonymous_5)
FNDA:1,(anonymous_6)
FNDA:1,(anonymous_7)
FNDA:2,(anonymous_8)
DA:13,17
DA:16,11
DA:17,11
DA:19,10
DA:20,10
DA:21,10
DA:23,11
DA:32,6
DA:33,6
DA:37,1
DA:38,1
DA:42,5
DA:46,2
DA:47,2
DA:49,2
DA:50,2
DA:51,1
DA:52,1
DA:54,1
DA:57,1
DA:61,2
DA:62,2
DA:63,1
DA:68,1
DA:69,1
DA:71,1
DA:72,1
DA:73,1
DA:77,1
DA:78,1
DA:79,1
DA:91,1
DA:95,1
DA:96,1
DA:100,2
DA:101,2
LF:36
LH:36
BRDA:17,0,0,1
BRDA:17,0,1,10
BRDA:21,1,0,10
BRDA:21,1,1,3
BRDA:33,2,0,1
BRDA:33,2,1,5
BRDA:50,3,0,1
BRDA:50,3,1,1
BRDA:51,4,0,1
BRDA:51,4,1,0
BRDA:62,5,0,1
BRDA:62,5,1,1
BRDA:69,6,0,0
BRDA:69,6,1,1
BRDA:96,7,0,1
BRDA:96,7,1,0
BRF:16
BRH:13
end_of_record
TN:
SF:src/Infrastructure/Adapters/Obsidian/ObsidianNotificationAdapter.ts
FN:5,(anonymous_0)
FN:9,(anonymous_1)
FNF:2
FNH:2
FNDA:1,(anonymous_0)
FNDA:1,(anonymous_1)
DA:6,1
DA:10,1
LF:2
LH:2
BRF:0
BRH:0
end_of_record
TN:
SF:src/Infrastructure/Adapters/Obsidian/ObsidianRoleRepository.ts
FN:7,(anonymous_0)
FN:12,(anonymous_1)
FNF:2
FNH:2
FNDA:6,(anonymous_0)
FNDA:6,(anonymous_1)
DA:8,6
DA:9,6
DA:13,6
DA:14,6
DA:16,5
DA:18,5
DA:19,2
DA:22,3
DA:24,3
DA:25,3
DA:26,2
DA:27,2
DA:28,2
DA:29,2
DA:30,2
DA:33,2
DA:34,2
DA:35,2
DA:37,2
DA:38,1
DA:51,3
LF:21
LH:21
BRDA:14,0,0,1
BRDA:14,0,1,5
BRDA:18,1,0,2
BRDA:18,1,1,3
BRDA:18,2,0,5
BRDA:18,2,1,4
BRDA:25,3,0,2
BRDA:25,3,1,1
BRDA:25,4,0,3
BRDA:25,4,1,3
BRDA:30,5,0,2
BRDA:30,5,1,2
BRDA:37,6,0,1
BRDA:37,6,1,1
BRDA:37,7,0,2
BRDA:37,7,1,1
BRDA:42,8,0,0
BRDA:42,8,1,1
BRDA:43,9,0,0
BRDA:43,9,1,1
BRDA:44,10,0,0
BRDA:44,10,1,1
BRDA:45,11,0,0
BRDA:45,11,1,1
BRF:24
BRH:20
end_of_record
TN:
SF:src/Infrastructure/Adapters/Obsidian/ObsidianSettingsAdapter.ts
FN:5,(anonymous_0)
FN:7,(anonymous_1)
FN:15,(anonymous_2)
FN:19,(anonymous_3)
FN:23,(anonymous_4)
FN:27,(anonymous_5)
FN:31,(anonymous_6)
FN:35,(anonymous_7)
FN:39,(anonymous_8)
FN:43,(anonymous_9)
FN:47,(anonymous_10)
FN:51,(anonymous_11)
FN:55,(anonymous_12)
FN:59,(anonymous_13)
FN:63,(anonymous_14)
FN:67,(anonymous_15)
FNF:16
FNH:15
FNDA:7,(anonymous_0)
FNDA:1,(anonymous_1)
FNDA:1,(anonymous_2)
FNDA:1,(anonymous_3)
FNDA:1,(anonymous_4)
FNDA:1,(anonymous_5)
FNDA:1,(anonymous_6)
FNDA:1,(anonymous_7)
FNDA:1,(anonymous_8)
FNDA:1,(anonymous_9)
FNDA:1,(anonymous_10)
FNDA:1,(anonymous_11)
FNDA:1,(anonymous_12)
FNDA:1,(anonymous_13)
FNDA:0,(anonymous_14)
FNDA:1,(anonymous_15)
DA:5,7
DA:8,1
DA:16,1
DA:20,1
DA:24,1
DA:28,1
DA:48,1
DA:52,1
DA:56,1
DA:60,1
DA:64,0
DA:68,1
LF:12
LH:11
BRF:0
BRH:0
end_of_record
TN:
SF:src/Infrastructure/Adapters/Obsidian/ObsidianTemplateRepositoryAdapter.ts
FN:8,(anonymous_0)
FN:10,(anonymous_1)
FN:13,(anonymous_2)
FNF:3
FNH:3
FNDA:5,(anonymous_0)
FNDA:5,(anonymous_1)
FNDA:4,(anonymous_2)
DA:8,5
DA:11,5
DA:13,5
LF:3
LH:3
BRF:0
BRH:0
end_of_record
TN:
SF:src/Infrastructure/Adapters/Obsidian/ObsidianUIServiceAdapter.ts
FN:7,(anonymous_0)
FN:9,(anonymous_1)
FN:13,(anonymous_2)
FN:18,(anonymous_3)
FN:23,(anonymous_4)
FN:24,(anonymous_5)
FNF:6
FNH:5
FNDA:7,(anonymous_0)
FNDA:7,(anonymous_1)
FNDA:1,(anonymous_2)
FNDA:1,(anonymous_3)
FNDA:0,(anonymous_4)
FNDA:1,(anonymous_5)
DA:7,7
DA:10,7
DA:18,1
DA:19,1
DA:24,1
LF:5
LH:5
BRF:0
BRH:0
end_of_record
TN:
SF:src/Infrastructure/Obsidian/Commands/AI/EnhanceByAiCommand/EnhanceByAiCommand.ts
FN:10,(anonymous_0)
FN:16,(anonymous_1)
FN:25,(anonymous_2)
FNF:3
FNH:3
FNDA:3,(anonymous_0)
FNDA:3,(anonymous_1)
FNDA:3,(anonymous_2)
DA:11,3
DA:12,3
DA:13,3
DA:17,3
DA:18,3
DA:19,3
DA:20,0
DA:21,0
DA:22,0
DA:25,3
DA:26,3
DA:27,3
DA:28,3
DA:30,3
LF:14
LH:11
BRDA:19,0,0,0
BRDA:19,0,1,3
BRF:2
BRH:1
end_of_record
TN:
SF:src/Infrastructure/Obsidian/Commands/ApplyTemplateCommand/ApplyTemplateCommand.ts
FN:23,(anonymous_0)
FN:30,(anonymous_1)
FNF:2
FNH:2
FNDA:4,(anonymous_0)
FNDA:5,(anonymous_1)
DA:24,4
DA:25,4
DA:26,4
DA:27,4
DA:31,5
DA:42,5
DA:43,5
DA:44,5
DA:47,5
DA:48,0
DA:49,0
DA:52,5
DA:53,5
DA:54,5
DA:55,5
DA:57,5
DA:60,5
DA:61,5
DA:62,5
DA:64,5
DA:75,5
DA:76,5
LF:22
LH:20
BRDA:43,0,0,5
BRDA:43,0,1,0
BRDA:44,1,0,5
BRDA:44,1,1,0
BRDA:47,2,0,0
BRDA:47,2,1,5
BRF:6
BRH:3
end_of_record
TN:
SF:src/Infrastructure/Obsidian/Commands/Images/AddImagesCommand/AddImagesCommand.ts
FN:9,(anonymous_0)
FN:14,(anonymous_1)
FN:24,(anonymous_2)
FNF:3
FNH:3
FNDA:2,(anonymous_0)
FNDA:2,(anonymous_1)
FNDA:2,(anonymous_2)
DA:10,2
DA:11,2
DA:15,2
DA:16,2
DA:17,2
DA:18,0
DA:19,0
DA:20,0
DA:22,2
DA:24,2
DA:25,2
DA:26,2
DA:27,2
DA:29,2
DA:31,2
DA:32,1
DA:33,1
DA:36,1
DA:38,1
DA:39,0
DA:42,1
DA:43,1
DA:48,1
DA:49,1
DA:51,1
DA:52,1
DA:55,0
DA:56,0
DA:59,2
LF:29
LH:23
BRDA:17,0,0,0
BRDA:17,0,1,2
BRDA:27,1,0,2
BRDA:27,1,1,0
BRDA:31,2,0,1
BRDA:31,2,1,1
BRDA:31,3,0,2
BRDA:31,3,1,1
BRDA:38,4,0,0
BRDA:38,4,1,1
BRF:10
BRH:7
end_of_record
TN:
SF:src/Infrastructure/Obsidian/Utils/AudioRecorder.ts
FN:3,(anonymous_0)
FN:8,(anonymous_1)
FN:14,(anonymous_2)
FN:27,(anonymous_3)
FN:30,(anonymous_4)
FN:32,(anonymous_5)
FN:42,(anonymous_6)
FN:44,(anonymous_7)
FN:51,(anonymous_8)
FNF:9
FNH:8
FNDA:3,(anonymous_0)
FNDA:3,(anonymous_1)
FNDA:0,(anonymous_2)
FNDA:1,(anonymous_3)
FNDA:1,(anonymous_4)
FNDA:1,(anonymous_5)
FNDA:1,(anonymous_6)
FNDA:1,(anonymous_7)
FNDA:1,(anonymous_8)
DA:4,3
DA:5,3
DA:6,3
DA:9,3
DA:10,3
DA:11,2
DA:12,2
DA:14,2
DA:15,0
DA:18,2
DA:19,2
DA:21,1
DA:22,1
DA:23,1
DA:28,1
DA:30,1
DA:31,1
DA:32,1
DA:33,1
DA:34,1
DA:35,1
DA:37,1
DA:43,1
DA:44,1
DA:45,1
DA:47,1
DA:48,1
DA:52,1
LF:28
LH:27
BRDA:28,0,0,0
BRDA:28,0,1,1
BRDA:28,1,0,1
BRDA:28,1,1,1
BRDA:31,2,0,1
BRDA:31,2,1,0
BRDA:43,3,0,1
BRDA:43,3,1,0
BRF:8
BRH:5
end_of_record
TN:
SF:src/Infrastructure/Obsidian/Utils/Frontmatter.ts
FN:12,stringifyFrontmatter
FN:18,(anonymous_1)
FN:25,splitFrontmatter
FN:43,parseFrontmatter
FN:60,buildMergedFrontmatter
FN:102,formatFrontmatterBlock
FN:107,stripLeadingFrontmatter
FN:116,mergeFrontmatterSuggestions
FN:141,applyFrontmatterUpdates
FN:173,hasMeaningfulValue
FN:185,upsertEntry
FNF:11
FNH:9
FNDA:0,stringifyFrontmatter
FNDA:0,(anonymous_1)
FNDA:74,splitFrontmatter
FNDA:75,parseFrontmatter
FNDA:13,buildMergedFrontmatter
FNDA:27,formatFrontmatterBlock
FNDA:2,stripLeadingFrontmatter
FNDA:12,mergeFrontmatterSuggestions
FNDA:11,applyFrontmatterUpdates
FNDA:37,hasMeaningfulValue
FNDA:7,upsertEntry
DA:13,0
DA:14,0
DA:17,0
DA:18,0
DA:20,0
DA:21,0
DA:26,74
DA:27,74
DA:28,34
DA:34,40
DA:35,40
DA:37,40
DA:44,75
DA:45,35
DA:48,40
DA:49,40
DA:50,40
DA:51,38
DA:54,2
DA:57,2
DA:64,13
DA:65,13
DA:66,13
DA:67,13
DA:69,13
DA:70,3
DA:71,3
DA:72,3
DA:73,3
DA:75,3
DA:79,13
DA:80,4
DA:81,4
DA:82,4
DA:83,0
DA:86,4
DA:90,13
DA:91,8
DA:94,5
DA:95,5
DA:96,7
DA:99,5
DA:103,27
DA:104,27
DA:108,2
DA:109,2
DA:110,2
DA:113,0
DA:120,12
DA:121,6
DA:124,6
DA:125,12
DA:127,12
DA:128,7
DA:129,6
DA:130,6
DA:134,6
DA:135,0
DA:138,6
DA:145,11
DA:146,5
DA:149,6
DA:150,11
DA:152,11
DA:155,7
DA:159,7
DA:160,7
DA:161,7
DA:166,6
DA:167,0
DA:170,6
DA:174,37
DA:175,11
DA:178,26
DA:179,15
DA:182,11
DA:191,7
DA:192,0
DA:193,0
DA:194,0
DA:197,7
DA:198,7
LF:82
LH:69
BRDA:13,0,0,0
BRDA:13,0,1,0
BRDA:18,1,0,0
BRDA:18,1,1,0
BRDA:27,2,0,34
BRDA:27,2,1,40
BRDA:27,3,0,74
BRDA:27,3,1,40
BRDA:44,4,0,35
BRDA:44,4,1,40
BRDA:50,5,0,38
BRDA:50,5,1,2
BRDA:50,6,0,40
BRDA:50,6,1,38
BRDA:50,6,2,38
BRDA:69,7,0,3
BRDA:69,7,1,10
BRDA:72,8,0,2
BRDA:72,8,1,1
BRDA:73,9,0,0
BRDA:73,9,1,3
BRDA:79,10,0,4
BRDA:79,10,1,9
BRDA:82,11,0,0
BRDA:82,11,1,4
BRDA:90,12,0,8
BRDA:90,12,1,5
BRDA:109,13,0,2
BRDA:109,13,1,0
BRDA:109,14,0,2
BRDA:109,14,1,0
BRDA:120,15,0,6
BRDA:120,15,1,6
BRDA:120,16,0,12
BRDA:120,16,1,8
BRDA:124,17,0,3
BRDA:124,17,1,3
BRDA:128,18,0,6
BRDA:128,18,1,1
BRDA:128,19,0,7
BRDA:128,19,1,6
BRDA:134,20,0,0
BRDA:134,20,1,6
BRDA:134,21,0,6
BRDA:134,21,1,0
BRDA:138,22,0,6
BRDA:138,22,1,0
BRDA:145,23,0,5
BRDA:145,23,1,6
BRDA:145,24,0,11
BRDA:145,24,1,11
BRDA:149,25,0,6
BRDA:149,25,1,0
BRDA:155,26,0,7
BRDA:155,26,1,0
BRDA:159,27,0,7
BRDA:159,27,1,0
BRDA:166,28,0,0
BRDA:166,28,1,6
BRDA:166,29,0,6
BRDA:166,29,1,0
BRDA:170,30,0,6
BRDA:170,30,1,0
BRDA:174,31,0,11
BRDA:174,31,1,26
BRDA:174,32,0,37
BRDA:174,32,1,36
BRDA:178,33,0,15
BRDA:178,33,1,11
BRDA:191,34,0,0
BRDA:191,34,1,7
BRF:71
BRH:53
end_of_record
TN:
SF:src/Infrastructure/Obsidian/Utils/ImageProcessor.ts
FN:4,(anonymous_0)
FN:5,(anonymous_1)
FN:10,(anonymous_2)
FN:46,(anonymous_3)
FN:55,(anonymous_4)
FNF:5
FNH:5
FNDA:1,(anonymous_0)
FNDA:9,(anonymous_1)
FNDA:8,(anonymous_2)
FNDA:1,(anonymous_3)
FNDA:1,(anonymous_4)
DA:5,9
DA:6,9
DA:7,9
DA:8,9
DA:10,9
DA:11,8
DA:12,8
DA:13,8
DA:14,8
DA:15,8
DA:17,8
DA:18,2
DA:19,2
DA:20,2
DA:23,6
DA:24,1
DA:25,1
DA:29,8
DA:30,8
DA:31,8
DA:32,8
DA:33,1
DA:34,1
DA:36,7
DA:39,7
DA:40,7
DA:46,9
DA:47,1
DA:48,1
DA:51,9
DA:56,3
DA:57,3
DA:58,3
DA:59,3
DA:60,3
LF:35
LH:35
BRDA:6,0,0,4
BRDA:6,0,1,5
BRDA:17,1,0,2
BRDA:17,1,1,6
BRDA:18,2,0,2
BRDA:18,2,1,0
BRDA:23,3,0,1
BRDA:23,3,1,5
BRDA:32,4,0,1
BRDA:32,4,1,7
BRDA:58,5,0,1
BRDA:58,5,1,2
BRDA:59,6,0,1
BRDA:59,6,1,2
BRF:14
BRH:13
end_of_record
TN:
SF:src/Infrastructure/Obsidian/Utils/LocationPathBuilder.ts
FN:10,(anonymous_0)
FN:12,(anonymous_1)
FN:67,(anonymous_2)
FN:84,(anonymous_3)
FNF:4
FNH:3
FNDA:8,(anonymous_0)
FNDA:8,(anonymous_1)
FNDA:48,(anonymous_2)
FNDA:0,(anonymous_3)
DA:10,8
DA:17,8
DA:18,8
DA:19,8
DA:20,8
DA:22,8
DA:24,8
DA:27,8
DA:30,8
DA:33,8
DA:36,8
DA:37,8
DA:38,8
DA:40,8
DA:41,2
DA:43,8
DA:47,8
DA:49,8
DA:53,8
DA:55,8
DA:57,4
DA:58,4
DA:59,2
DA:61,4
DA:67,48
DA:68,8
DA:69,8
DA:77,8
DA:78,4
DA:81,8
DA:85,0
DA:86,0
DA:87,0
LF:33
LH:30
BRDA:30,0,0,8
BRDA:30,0,1,0
BRDA:33,1,0,8
BRDA:33,1,1,0
BRDA:36,2,0,8
BRDA:36,2,1,0
BRDA:38,3,0,8
BRDA:38,3,1,8
BRDA:40,4,0,2
BRDA:40,4,1,6
BRDA:40,5,0,8
BRDA:40,5,1,2
BRDA:49,6,0,8
BRDA:49,6,1,0
BRDA:55,7,0,4
BRDA:55,7,1,4
BRDA:58,8,0,2
BRDA:58,8,1,2
BRDA:58,9,0,4
BRDA:58,9,1,4
BRDA:67,10,0,48
BRDA:67,10,1,48
BRDA:68,11,0,8
BRDA:68,11,1,0
BRDA:77,12,0,4
BRDA:77,12,1,4
BRF:26
BRH:21
end_of_record
TN:
SF:src/Infrastructure/Obsidian/Utils/Messages.ts
FN:3,showMessage
FNF:1
FNH:1
FNDA:17,showMessage
DA:4,17
DA:5,17
LF:2
LH:2
BRF:0
BRH:0
end_of_record
TN:
SF:src/Infrastructure/Obsidian/Utils/Notes.ts
FN:3,mergeNotes
FN:30,mergeBodyContent
FNF:2
FNH:2
FNDA:13,mergeNotes
FNDA:1,mergeBodyContent
DA:4,13
DA:5,13
DA:6,13
DA:10,13
DA:14,13
DA:17,13
DA:19,13
DA:20,13
DA:21,5
DA:23,13
DA:24,13
DA:27,13
DA:31,1
DA:32,1
DA:34,1
DA:35,1
DA:37,1
DA:38,0
DA:41,1
DA:42,0
DA:45,1
LF:21
LH:19
BRDA:3,0,0,13
BRDA:10,1,0,5
BRDA:10,1,1,8
BRDA:14,2,0,1
BRDA:14,2,1,12
BRDA:20,3,0,5
BRDA:20,3,1,8
BRDA:23,4,0,13
BRDA:23,4,1,0
BRDA:37,5,0,0
BRDA:37,5,1,1
BRDA:41,6,0,0
BRDA:41,6,1,1
BRF:13
BRH:10
end_of_record
TN:
SF:src/Infrastructure/Obsidian/Utils/TemplateConfig.ts
FN:14,extractConfigFromTemplate
FN:124,getAllTemplateConfigs
FN:134,(anonymous_2)
FNF:3
FNH:3
FNDA:11,extractConfigFromTemplate
FNDA:7,getAllTemplateConfigs
FNDA:6,(anonymous_2)
DA:18,11
DA:19,11
DA:22,11
DA:24,11
DA:26,11
DA:27,8
DA:28,8
DA:30,8
DA:31,12
DA:32,9
DA:33,9
DA:34,9
DA:35,9
DA:39,8
DA:41,8
DA:43,8
DA:46,8
DA:48,8
DA:49,3
DA:50,5
DA:51,0
DA:53,5
DA:66,0
DA:71,11
DA:80,11
DA:81,4
DA:83,4
DA:84,4
DA:87,2
DA:88,2
DA:90,1
DA:94,3
DA:95,3
DA:100,3
DA:108,3
DA:111,1
DA:115,11
DA:125,7
DA:126,7
DA:127,1
DA:130,6
DA:131,6
DA:134,6
DA:135,6
DA:136,6
DA:137,6
DA:138,5
DA:139,5
DA:140,0
DA:141,0
DA:147,6
DA:149,6
DA:150,5
DA:151,5
DA:152,5
DA:155,6
LF:56
LH:52
BRDA:26,0,0,8
BRDA:26,0,1,3
BRDA:31,1,0,9
BRDA:31,1,1,3
BRDA:39,2,0,8
BRDA:39,2,1,0
BRDA:43,3,0,3
BRDA:43,3,1,5
BRDA:46,4,0,3
BRDA:46,4,1,5
BRDA:48,5,0,3
BRDA:48,5,1,5
BRDA:48,6,0,8
BRDA:48,6,1,3
BRDA:50,7,0,0
BRDA:50,7,1,5
BRDA:94,8,0,3
BRDA:94,8,1,0
BRDA:94,9,0,3
BRDA:94,9,1,3
BRDA:94,9,2,0
BRDA:126,10,0,1
BRDA:126,10,1,6
BRDA:136,11,0,6
BRDA:136,11,1,0
BRDA:136,12,0,6
BRDA:136,12,1,6
BRDA:138,13,0,5
BRDA:138,13,1,0
BRDA:138,14,0,5
BRDA:138,14,1,5
BRDA:140,15,0,0
BRDA:140,15,1,0
BRF:33
BRH:25
end_of_record
TN:
SF:src/Infrastructure/Obsidian/Utils/TemplateContext.ts
FN:6,(anonymous_0)
FN:10,(anonymous_1)
FNF:2
FNH:2
FNDA:4,(anonymous_0)
FNDA:4,(anonymous_1)
DA:4,4
DA:7,12
DA:11,16
LF:3
LH:3
BRF:0
BRH:0
end_of_record
TN:
SF:src/Infrastructure/Obsidian/Utils/Vault.ts
FN:11,isFolderMatch
FN:56,ensureFolderExists
FN:69,pathExists
FN:78,getTemplatesFolder
FN:108,createFolderRecursively
FN:145,moveFile
FN:165,ensureFolderNotes
FNF:7
FNH:7
FNDA:9,isFolderMatch
FNDA:11,ensureFolderExists
FNDA:6,pathExists
FNDA:11,getTemplatesFolder
FNDA:5,createFolderRecursively
FNDA:3,moveFile
FNDA:2,ensureFolderNotes
DA:12,9
DA:13,9
DA:15,9
DA:16,9
DA:19,9
DA:21,9
DA:22,16
DA:25,16
DA:26,2
DA:30,14
DA:31,1
DA:34,13
DA:37,13
DA:38,2
DA:42,11
DA:43,3
DA:49,3
DA:50,1
DA:53,2
DA:57,11
DA:58,11
DA:59,4
DA:62,7
DA:63,7
DA:64,7
DA:65,5
DA:70,6
DA:71,6
DA:72,1
DA:75,5
DA:79,11
DA:80,11
DA:81,11
DA:82,2
DA:86,9
DA:88,11
DA:89,1
DA:92,8
DA:99,8
DA:100,11
DA:101,7
DA:105,1
DA:109,5
DA:110,5
DA:112,5
DA:114,5
DA:115,6
DA:118,6
DA:119,6
DA:121,2
DA:122,2
DA:123,1
DA:124,1
DA:127,1
DA:130,4
DA:131,4
DA:132,4
DA:135,2
DA:136,1
DA:138,1
DA:139,1
DA:146,3
DA:148,3
DA:149,1
DA:153,2
DA:156,2
DA:157,2
DA:158,1
DA:162,1
DA:166,2
DA:167,2
DA:170,2
DA:184,2
DA:186,2
DA:187,4
DA:188,4
DA:190,4
DA:191,4
DA:193,4
DA:194,4
DA:196,4
DA:198,2
LF:82
LH:82
BRDA:19,0,0,0
BRDA:19,0,1,9
BRDA:25,1,0,2
BRDA:25,1,1,14
BRDA:30,2,0,1
BRDA:30,2,1,13
BRDA:37,3,0,2
BRDA:37,3,1,11
BRDA:42,4,0,3
BRDA:42,4,1,8
BRDA:49,5,0,1
BRDA:49,5,1,2
BRDA:58,6,0,4
BRDA:58,6,1,7
BRDA:64,7,0,5
BRDA:64,7,1,2
BRDA:71,8,0,1
BRDA:71,8,1,5
BRDA:81,9,0,2
BRDA:81,9,1,9
BRDA:86,10,0,9
BRDA:86,10,1,1
BRDA:86,10,2,1
BRDA:88,11,0,1
BRDA:88,11,1,10
BRDA:100,12,0,7
BRDA:100,12,1,4
BRDA:100,13,0,11
BRDA:100,13,1,7
BRDA:115,14,0,1
BRDA:115,14,1,5
BRDA:119,15,0,2
BRDA:119,15,1,4
BRDA:122,16,0,1
BRDA:122,16,1,1
BRDA:135,17,0,1
BRDA:135,17,1,1
BRDA:135,18,0,2
BRDA:135,18,1,1
BRDA:148,19,0,1
BRDA:148,19,1,2
BRDA:157,20,0,1
BRDA:157,20,1,1
BRDA:157,21,0,2
BRDA:157,21,1,1
BRDA:170,22,0,0
BRDA:170,22,1,2
BRDA:188,23,0,2
BRDA:188,23,1,2
BRDA:193,24,0,4
BRDA:193,24,1,0
BRF:51
BRH:48
end_of_record
TN:
SF:src/Infrastructure/Obsidian/Utils/ViewMode.ts
FN:7,getActiveMarkdownView
FN:10,(anonymous_1)
FN:19,(anonymous_2)
FN:34,executeInEditMode
FNF:4
FNH:4
FNDA:10,getActiveMarkdownView
FNDA:1,(anonymous_1)
FNDA:1,(anonymous_2)
FNDA:8,executeInEditMode
DA:8,10
DA:9,2
DA:10,2
DA:11,2
DA:14,8
DA:15,8
DA:16,2
DA:17,2
DA:18,1
DA:19,1
DA:20,1
DA:21,1
DA:25,8
DA:35,8
DA:38,8
DA:39,7
DA:43,8
DA:44,8
DA:47,8
DA:48,7
LF:20
LH:20
BRDA:8,0,0,2
BRDA:8,0,1,8
BRDA:11,1,0,1
BRDA:11,1,1,1
BRDA:15,2,0,2
BRDA:15,2,1,6
BRDA:17,3,0,1
BRDA:17,3,1,1
BRDA:17,4,0,2
BRDA:17,4,1,1
BRDA:20,5,0,1
BRDA:20,5,1,0
BRDA:38,6,0,7
BRDA:38,6,1,1
BRDA:47,7,0,7
BRDA:47,7,1,1
BRDA:47,8,0,8
BRDA:47,8,1,7
BRF:18
BRH:17
end_of_record
TN:
SF:src/Infrastructure/Obsidian/Views/Modals/GenericFuzzySuggestModal.ts
FN:6,(anonymous_0)
FN:20,(anonymous_1)
FN:24,(anonymous_2)
FN:28,(anonymous_3)
FN:33,(anonymous_4)
FN:39,(anonymous_5)
FNF:6
FNH:6
FNDA:7,(anonymous_0)
FNDA:1,(anonymous_1)
FNDA:1,(anonymous_2)
FNDA:1,(anonymous_3)
FNDA:1,(anonymous_4)
FNDA:2,(anonymous_5)
DA:4,7
DA:8,7
DA:9,7
DA:10,7
DA:11,7
DA:14,7
DA:15,7
DA:16,7
DA:21,1
DA:25,1
DA:29,1
DA:30,1
DA:34,1
DA:35,1
DA:36,1
DA:40,2
DA:41,1
LF:17
LH:17
BRDA:15,0,0,7
BRDA:15,0,1,0
BRDA:40,1,0,1
BRDA:40,1,1,1
BRF:4
BRH:3
end_of_record
